[2023-01-24 11:37:13.221] [INFO] ci - 
 
        -------------------------------
               Kony CI v9.5.4
        -------------------------------
         node version: v16.18.1

[2023-01-24 11:37:14.805] [DEBUG] ci -  ➠ Pre-build validations
[2023-01-24 11:37:14.806] [INFO] ci - ✓ ANT_HOME
[2023-01-24 11:37:14.807] [INFO] ci - ✓ javaloc
[2023-01-24 11:37:14.807] [INFO] ci - ✓ androidHome
[2023-01-24 11:37:14.808] [INFO] ci - ✓ java version
[2023-01-24 11:37:14.809] [INFO] ci - ✓ ant version
[2023-01-24 11:37:14.809] [INFO] ci - ✓ node version
[2023-01-24 11:37:14.809] [INFO] ci - ✓ xcode version
[2023-01-24 11:37:14.810] [DEBUG] ~~~~ - Close Current Watcher
[2023-01-24 11:37:14.817] [INFO] ~~~~ - Validating and Repairing the project structure: /Users/Shared/Appfactory/Jenkins/buildslave/workspace/OhioLMI/Iris/Builds/Channels/buildAndroid@2/vis_ws/OhioLMI/OhioLMIKRA
[2023-01-24 11:37:14.818] [INFO] ~~~~ - Validating project structure using validator template: '9.5'
[2023-01-24 11:37:14.872] [INFO] ~~~~ - Validating project themes: /Users/Shared/Appfactory/Jenkins/buildslave/workspace/OhioLMI/Iris/Builds/Channels/buildAndroid@2/vis_ws/OhioLMI/OhioLMIKRA
[2023-01-24 11:37:14.874] [INFO] ~~~~ - Project dir:  /Users/Shared/Appfactory/Jenkins/buildslave/workspace/OhioLMI/Iris/Builds/Channels/buildAndroid@2/vis_ws/OhioLMI/OhioLMIKRA
[2023-01-24 11:37:14.875] [INFO] ~~~~ - Theme dir, size:  /Users/Shared/Appfactory/Jenkins/buildslave/workspace/OhioLMI/Iris/Builds/Channels/buildAndroid@2/vis_ws/OhioLMI/OhioLMIKRA/themes/defaultTheme 290
[2023-01-24 11:37:14.901] [DEBUG] ~~~~ - skip read constants
[2023-01-24 11:37:14.910] [DEBUG] ~~~~ -  ::::::::: Custom themes: []
[2023-01-24 11:37:14.912] [INFO] ~~~~ - 
Project dir:  /Users/Shared/Appfactory/Jenkins/buildslave/workspace/OhioLMI/Iris/Builds/Channels/buildAndroid@2/vis_ws/OhioLMI/OhioLMIKRA 
No of uniq skin ids:  289
[2023-01-24 11:37:14.912] [INFO] ~~~~ - 
Skin kuid issues:  0 
Theme skin issues:  0 
Widget skin issues:  0 
Widget psp skin issues:  0 
Widget disabled skin issues: 0
[2023-01-24 11:37:14.914] [WARN] ~~~~ - Project 'OhioLMIKRA' needs to be ported before opening.
[2023-01-24 11:37:14.915] [INFO] ci - 
[2023-01-24 11:37:14.915] [WARN] ~~~~ - Project 'OhioLMIKRA' needs to be ported before opening.
[2023-01-24 11:37:14.916] [INFO] ci - 
[2023-01-24 11:37:14.918] [INFO] ~~~~ - Validating and Repairing the project structure: /Users/Shared/Appfactory/Jenkins/buildslave/workspace/OhioLMI/Iris/Builds/Channels/buildAndroid@2/vis_ws/OhioLMI/OhioLMIKRA
[2023-01-24 11:37:14.918] [INFO] ~~~~ - Validating project structure using validator template: '9.5'
[2023-01-24 11:37:14.932] [INFO] ~~~~ - Porting project[OhioLMIKRA] in workspace [/Users/Shared/Appfactory/Jenkins/buildslave/workspace/OhioLMI/Iris/Builds/Channels/buildAndroid@2/vis_ws/OhioLMI] from_version[sprint39], to_version[sprint42]
[2023-01-24 11:37:14.933] [INFO] ~~~~ - Porting project [OhioLMIKRA] from sprint 39 to sprint 40.
[2023-01-24 11:37:14.933] [INFO] ~~~~ - Initializing context for component porter
[2023-01-24 11:37:14.933] [INFO] ~~~~ - Start of component porting
[2023-01-24 11:37:14.971] [INFO] ~~~~ - End of component porting
[2023-01-24 11:37:14.972] [INFO] ~~~~ - Porting project [OhioLMIKRA] from sprint 39 to sprint 40 is completed.
[2023-01-24 11:37:14.972] [INFO] ~~~~ - Porting project [OhioLMIKRA] from sprint 40 to sprint 41.
[2023-01-24 11:37:14.972] [INFO] ~~~~ - START: Porting android architecture related project settings.
[2023-01-24 11:37:14.975] [INFO] ~~~~ - END: Porting android architecture related project settings.
[2023-01-24 11:37:14.975] [INFO] ~~~~ - START: Porting Navigation Files.
[2023-01-24 11:37:14.977] [INFO] ~~~~ - END: Porting Navigation Files.
[2023-01-24 11:37:14.978] [INFO] ~~~~ - Porting project [OhioLMIKRA] from sprint 40 to sprint 41 is completed.
[2023-01-24 11:37:14.978] [INFO] ~~~~ - Porting project [OhioLMIKRA] from sprint 41 to sprint 42.
[2023-01-24 11:37:14.978] [INFO] ~~~~ - START: Porting Style Constants Files.
[2023-01-24 11:37:14.990] [INFO] ~~~~ - END: Porting Style Constants Files.
[2023-01-24 11:37:14.991] [INFO] ~~~~ - START: Porting Shadow property for Android.
[2023-01-24 11:37:15.029] [INFO] ~~~~ - END: Porting Shadow property for Android.
[2023-01-24 11:37:15.029] [INFO] ~~~~ - Porting project [OhioLMIKRA] from sprint 41 to sprint 42 is completed.
[2023-01-24 11:37:15.033] [INFO] ~~~~ - START: Porting android Default SDK project settings.
[2023-01-24 11:37:15.037] [INFO] ~~~~ - END: Porting android Default SDK project settings.
[2023-01-24 11:37:15.061] [INFO] ci - 
[2023-01-24 11:37:15.062] [INFO] ci - andtargetsdkkey selected is 12.0 (31)
[2023-01-24 11:37:15.063] [INFO] ci - andtargetsdkkey API level is 31
[2023-01-24 11:37:15.063] [INFO] ci - andtargetsdkkey selected API Level is 31
[2023-01-24 11:37:15.064] [INFO] ci - andweartargetsdkkey selected is undefined
[2023-01-24 11:37:15.064] [DEBUG] ci -  Done... 

[2023-01-24 11:37:15.065] [DEBUG] ci - ⚀ Loading ... /Users/Shared/Appfactory/Jenkins/buildslave/workspace/OhioLMI/Iris/Builds/Channels/buildAndroid@2/vis_ws/OhioLMI/OhioLMIKRA/projectProperties.json
[2023-01-24 11:37:15.065] [DEBUG] ci - ⚀ Loading ... /Users/Shared/Appfactory/Jenkins/buildslave/workspace/OhioLMI/Iris/Builds/Channels/buildAndroid@2/vis_ws/OhioLMI/bundles/com.kony.studio.viz.core.mac64/konywebstudio/kbuild/config/HeadlessBuild-Default.json
[2023-01-24 11:37:15.066] [DEBUG] ci - ⚀ Loading ... /Users/Shared/Appfactory/Jenkins/buildslave/workspace/OhioLMI/Iris/Builds/Channels/buildAndroid@2/vis_ws/OhioLMI/OhioLMIKRA/HeadlessBuild.properties
[2023-01-24 11:37:15.068] [INFO] ci - Cleaning binaries location...
[2023-01-24 11:37:15.068] [INFO] ci - Cleaning webapps location...
[2023-01-24 11:37:15.068] [INFO] ci - 
[2023-01-24 11:37:15.209] [INFO] ci - 
[2023-01-24 11:37:15.852] [DEBUG] ci - Upgrade native apis...
[2023-01-24 11:37:15.853] [INFO] ci - NFIs in your project are upto date. No upgrade required.
[2023-01-24 11:37:15.855] [INFO] ~~~~ - Creation of /Users/Shared/Appfactory/Jenkins/buildslave/workspace/OhioLMI/Iris/Builds/Channels/buildAndroid@2/vis_ws/OhioLMI/konyfabriccli.properties file is successful.
[2023-01-24 11:37:15.855] [DEBUG] ~~~~ - Model generation script path : /Users/Shared/Appfactory/Jenkins/buildslave/workspace/OhioLMI/Iris/Builds/Channels/buildAndroid@2/vis_ws/OhioLMI/bundles/com.kony.referencearchitecture/models/MDAModelGenerator.js
[2023-01-24 11:37:20.851] [INFO] ~~~~ - Model generation completed for project : OhioLMIKRA
[2023-01-24 11:37:20.852] [INFO] ci - ⚙ Fetching service doc...
[2023-01-24 11:37:20.852] [DEBUG] ci - mf appinfo args: -DKONY_MFCLI_PROPERTIES_FILE=/Users/Shared/Appfactory/Jenkins/buildslave/workspace/OhioLMI/Iris/Builds/Channels/buildAndroid@2/vis_ws/OhioLMI/OhioLMIKRA/HeadlessBuild.properties -jar /Users/Shared/Appfactory/Jenkins/buildslave/workspace/OhioLMI/Iris/Builds/Channels/buildAndroid@2/vis_ws/OhioLMI/bundles/com.kony.studio.viz.core.mac64/konywebstudio/lib/mf/mfcli.jar appinfo -e ODJFS UAT -a OhioLMI -v 1.0 -t 100000057 -clurl https://manage.hclvoltmx.com
[2023-01-24 11:37:25.875] [DEBUG] ci - App Info - Successfully completed!
[2023-01-24 11:37:25.877] [INFO] ci - Copying sdk files.
[2023-01-24 11:37:25.877] [INFO] ci - VoltmxSyncLib.js is not found in SDK plugin.
[2023-01-24 11:37:25.878] [INFO] ci - SDK file is copied.
[2023-01-24 11:37:25.879] [INFO] ci - /Users/Shared/Appfactory/Jenkins/buildslave/workspace/OhioLMI/Iris/Builds/Channels/buildAndroid@2/vis_ws/OhioLMI/bundles/com.kony.mobile.fabric.client.sdk
[2023-01-24 11:37:25.880] [INFO] ci - 
[2023-01-24 11:37:25.922] [INFO] ci - 
[2023-01-24 11:37:25.923] [INFO] ci - Properties has been saved in sdkplugin.properties file.
[2023-01-24 11:37:25.964] [INFO] ci - /Users/Shared/Appfactory/Jenkins/buildslave/workspace/OhioLMI/Iris/Builds/Channels/buildAndroid@2/vis_ws/OhioLMI/bundles/com.kony.mobile.fabric.client.sdk
[2023-01-24 11:37:25.965] [INFO] ci - 
[2023-01-24 11:37:25.975] [INFO] ci - /Users/Shared/Appfactory/Jenkins/buildslave/workspace/OhioLMI/Iris/Builds/Channels/buildAndroid@2/vis_ws/OhioLMI/bundles/com.kony.mobile.fabric.client.sdk
[2023-01-24 11:37:25.976] [INFO] ci - 
[2023-01-24 11:37:26.002] [INFO] ci - 
[2023-01-24 11:37:26.003] [INFO] ci - Properties has been saved in sdkplugin.properties file.
[2023-01-24 11:37:26.036] [INFO] ci - /Users/Shared/Appfactory/Jenkins/buildslave/workspace/OhioLMI/Iris/Builds/Channels/buildAndroid@2/vis_ws/OhioLMI/bundles/com.kony.mobile.fabric.client.sdk
[2023-01-24 11:37:26.037] [INFO] ci - 
[2023-01-24 11:37:26.074] [INFO] ci - 
[2023-01-24 11:37:26.075] [INFO] ci - Properties has been saved in sdkplugin.properties file.
[2023-01-24 11:37:26.075] [INFO] ci - /Users/Shared/Appfactory/Jenkins/buildslave/workspace/OhioLMI/Iris/Builds/Channels/buildAndroid@2/vis_ws/OhioLMI/bundles/com.kony.mobile.fabric.client.sdk
[2023-01-24 11:37:26.075] [INFO] ci - 
[2023-01-24 11:37:26.087] [INFO] ci - iphone artifacts copied from shared libs /Users/Shared/Appfactory/Jenkins/buildslave/workspace/OhioLMI/Iris/Builds/Channels/buildAndroid@2/vis_ws/OhioLMI/bundles/com.kony.mobile.fabric.client.sdk/resources/sdk/sharedLibs to /Users/Shared/Appfactory/Jenkins/buildslave/workspace/OhioLMI/Iris/Builds/Channels/buildAndroid@2/vis_ws/OhioLMI/OhioLMIKRA/resources/customlibs/lib/iphone
[2023-01-24 11:37:26.094] [INFO] ci - ipad artifacts copied from shared libs /Users/Shared/Appfactory/Jenkins/buildslave/workspace/OhioLMI/Iris/Builds/Channels/buildAndroid@2/vis_ws/OhioLMI/bundles/com.kony.mobile.fabric.client.sdk/resources/sdk/sharedLibs to /Users/Shared/Appfactory/Jenkins/buildslave/workspace/OhioLMI/Iris/Builds/Channels/buildAndroid@2/vis_ws/OhioLMI/OhioLMIKRA/resources/customlibs/lib/ipad
[2023-01-24 11:37:26.094] [INFO] ci - android artifacts copied from shared libs /Users/Shared/Appfactory/Jenkins/buildslave/workspace/OhioLMI/Iris/Builds/Channels/buildAndroid@2/vis_ws/OhioLMI/bundles/com.kony.mobile.fabric.client.sdk/resources/sdk/sharedLibs to /Users/Shared/Appfactory/Jenkins/buildslave/workspace/OhioLMI/Iris/Builds/Channels/buildAndroid@2/vis_ws/OhioLMI/OhioLMIKRA/resources/customlibs/lib/android
[2023-01-24 11:37:26.095] [INFO] ci - tabrcandroid artifacts copied from shared libs /Users/Shared/Appfactory/Jenkins/buildslave/workspace/OhioLMI/Iris/Builds/Channels/buildAndroid@2/vis_ws/OhioLMI/bundles/com.kony.mobile.fabric.client.sdk/resources/sdk/sharedLibs to /Users/Shared/Appfactory/Jenkins/buildslave/workspace/OhioLMI/Iris/Builds/Channels/buildAndroid@2/vis_ws/OhioLMI/OhioLMIKRA/resources/customlibs/lib/tabrcandroid
[2023-01-24 11:37:26.095] [INFO] ci - 
[2023-01-24 11:37:26.096] [INFO] ci - Properties has been saved in sdkplugin.properties file.
[2023-01-24 11:37:26.096] [INFO] ci - Start of command line application build.
[2023-01-24 11:37:26.096] [INFO] ci - Start of Visulaizer Codegen.
[2023-01-24 11:37:26.096] [INFO] ci - /Users/Shared/Appfactory/Jenkins/buildslave/workspace/OhioLMI/Iris/Builds/Channels/buildAndroid@2/vis_ws/OhioLMI/OhioLMIKRA
[2023-01-24 11:37:26.096] [INFO] ci - 
[2023-01-24 11:37:26.097] [DEBUG] ~~~~ - [ 'defaultTheme' ]
[2023-01-24 11:37:26.148] [DEBUG] ~~~~ - [ 'defaultTheme' ]
[2023-01-24 11:37:26.230] [DEBUG] ~~~~ - Saving forms controller actions for channel: tablet
[2023-01-24 11:37:26.278] [DEBUG] ~~~~ - Saving templates controller actions for channel: tablet and type:  maps
[2023-01-24 11:37:26.278] [DEBUG] ~~~~ - Saving templates controller actions for channel: tablet and type:  segments
[2023-01-24 11:37:26.297] [DEBUG] ~~~~ - Saving user widgets controller actions
[2023-01-24 11:37:26.317] [INFO] ~~~~ - Validating and Repairing the project structure: /Users/Shared/Appfactory/Jenkins/buildslave/workspace/OhioLMI/Iris/Builds/Channels/buildAndroid@2/vis_ws/OhioLMI/OhioLMIKRA
[2023-01-24 11:37:26.318] [INFO] ~~~~ - Validating project structure using validator template: '9.5'
[2023-01-24 11:37:26.334] [INFO] ~~~~ - Validating project themes: /Users/Shared/Appfactory/Jenkins/buildslave/workspace/OhioLMI/Iris/Builds/Channels/buildAndroid@2/vis_ws/OhioLMI/OhioLMIKRA
[2023-01-24 11:37:26.335] [INFO] ~~~~ - Project dir:  /Users/Shared/Appfactory/Jenkins/buildslave/workspace/OhioLMI/Iris/Builds/Channels/buildAndroid@2/vis_ws/OhioLMI/OhioLMIKRA
[2023-01-24 11:37:26.336] [INFO] ~~~~ - Theme dir, size:  /Users/Shared/Appfactory/Jenkins/buildslave/workspace/OhioLMI/Iris/Builds/Channels/buildAndroid@2/vis_ws/OhioLMI/OhioLMIKRA/themes/defaultTheme 290
[2023-01-24 11:37:26.358] [DEBUG] ~~~~ - skip read constants
[2023-01-24 11:37:26.369] [DEBUG] ~~~~ -  ::::::::: Custom themes: []
[2023-01-24 11:37:26.369] [INFO] ~~~~ - 
Project dir:  /Users/Shared/Appfactory/Jenkins/buildslave/workspace/OhioLMI/Iris/Builds/Channels/buildAndroid@2/vis_ws/OhioLMI/OhioLMIKRA 
No of uniq skin ids:  289
[2023-01-24 11:37:26.369] [INFO] ~~~~ - 
Skin kuid issues:  0 
Theme skin issues:  0 
Widget skin issues:  0 
Widget psp skin issues:  0 
Widget disabled skin issues: 0
[2023-01-24 11:37:26.374] [INFO] ci - End of Visulaizer Codegen.
[2023-01-24 11:37:26.377] [DEBUG] ~~~~ - [BUILD] Codegen starts. StartTime: 1674578246377
[2023-01-24 11:37:26.444] [INFO] ~~~~ - <---Codegeneration Started--->
[2023-01-24 11:37:26.537] [DEBUG] ~~~~ - NO SUCH DIRECTORY TO CLEAN: /Users/Shared/Appfactory/Jenkins/buildslave/workspace/OhioLMI/Iris/Builds/Channels/buildAndroid@2/vis_ws/OhioLMI/.webapps/OhioLMIKRA/androidtab
[2023-01-24 11:37:26.539] [DEBUG] ~~~~ - [BUILD] Code generation for tabrcandroid
[2023-01-24 11:37:26.540] [DEBUG] ~~~~ - Scripts output directory /Users/Shared/Appfactory/Jenkins/buildslave/workspace/OhioLMI/Iris/Builds/Channels/buildAndroid@2/vis_ws/OhioLMI/.webapps/OhioLMIKRA/androidtab/src
[2023-01-24 11:37:27.292] [DEBUG] ~~~~ - [BUILD] Codegen ends. endTime: 1674578247292. Time taken (in ms) : 915
[2023-01-24 11:37:27.293] [DEBUG] ~~~~ - [BUILD] Archiving starts. Start time: 1674578247293
[2023-01-24 11:37:27.294] [DEBUG] ~~~~ - Web Directories created @ /Users/Shared/Appfactory/Jenkins/buildslave/workspace/OhioLMI/Iris/Builds/Channels/buildAndroid@2/vis_ws/OhioLMI/.webapps/OhioLMIKRA/androidtab
[2023-01-24 11:37:27.294] [DEBUG] ~~~~ - SPA Directories created @ /Users/Shared/Appfactory/Jenkins/buildslave/workspace/OhioLMI/Iris/Builds/Channels/buildAndroid@2/vis_ws/OhioLMI/.webapps/OhioLMIKRA
[2023-01-24 11:37:27.294] [DEBUG] ~~~~ - Directories created @ /Users/Shared/Appfactory/Jenkins/buildslave/workspace/OhioLMI/Iris/Builds/Channels/buildAndroid@2/vis_ws/OhioLMI/.webapps/OhioLMIKRA
[2023-01-24 11:37:27.295] [DEBUG] ~~~~ - Populating project OhioLMIKRA
[2023-01-24 11:37:27.295] [DEBUG] ~~~~ - USING IDE EVENTS :: true
[2023-01-24 11:37:28.510] [DEBUG] ~~~~ - Populate Completed
[2023-01-24 11:37:28.510] [DEBUG] ~~~~ - Building for tabrcandroid
[2023-01-24 11:37:28.511] [INFO] ~~~~ - Code generation for project 'OhioLMIKRA' completed.
[2023-01-24 11:37:28.511] [DEBUG] ~~~~ - Codegen Status :  { tabrcandroid: 'success' }
[2023-01-24 11:37:28.539] [DEBUG] ~~~~ - [BUILD] Archiving ends. End time: 1674578248538. Time taken (in ms) : 1245
[2023-01-24 11:37:28.539] [INFO] ci - [ 'androidtablet' ]
[2023-01-24 11:37:28.542] [INFO] ci - 
[2023-01-24 11:37:28.545] [INFO] ci - Loaded common properties. 
[2023-01-24 11:37:28.546] [INFO] ci - Platform:androidtablet , build status : STARTED
[2023-01-24 11:37:28.549] [INFO] ci - Minimum SDK API level is 21
[2023-01-24 11:37:28.549] [INFO] ci - Target SDK API level is 31
[2023-01-24 11:37:28.550] [INFO] ci - 
[2023-01-24 11:37:28.551] [INFO] ci - andminsdkkey API level is 21
[2023-01-24 11:37:28.553] [INFO] ci - 
[2023-01-24 11:37:28.566] [INFO] ci - 
[2023-01-24 11:37:28.569] [INFO] ci - 
[2023-01-24 11:37:28.579] [INFO] ci - 
[2023-01-24 11:37:28.581] [INFO] ci - 
[2023-01-24 11:37:28.590] [INFO] ci - 
[2023-01-24 11:37:28.593] [INFO] ci - andtargetsdkkey API level is 31
[2023-01-24 11:37:28.595] [INFO] ci - Loaded properties. androidtablet
[2023-01-24 11:37:28.595] [INFO] ci - Start of build for platform : androidtablet
[2023-01-24 11:37:28.596] [INFO] ci - APPFOLDER /Users/Shared/Appfactory/Jenkins/buildslave/workspace/OhioLMI/Iris/Builds/Channels/buildAndroid@2/vis_ws/OhioLMI/temp/OhioLMIKRA
[2023-01-24 11:37:28.596] [INFO] ci -  propFilePath /Users/Shared/Appfactory/Jenkins/buildslave/workspace/OhioLMI/Iris/Builds/Channels/buildAndroid@2/vis_ws/OhioLMI/temp/OhioLMIKRA/build/androidtabletbuild.properties
[2023-01-24 11:37:28.596] [INFO] ci - Platform:androidtablet , build status : INPROGRESS
[2023-01-24 11:37:28.598] [INFO] ci - Execute task Packageandroidtablet...
[2023-01-24 11:37:28.599] [INFO] ci -  ANT_HOME: /Users/Shared/Appfactory/Jenkins/buildslave/tools/hudson.tasks.Ant_AntInstallation/ant-1.10.8/bin/ant
[2023-01-24 11:37:28.599] [INFO] ci - -propertyfile /Users/Shared/Appfactory/Jenkins/buildslave/workspace/OhioLMI/Iris/Builds/Channels/buildAndroid@2/vis_ws/OhioLMI/temp/OhioLMIKRA/build/androidtabletbuild.properties -f /Users/Shared/Appfactory/Jenkins/buildslave/workspace/OhioLMI/Iris/Builds/Channels/buildAndroid@2/vis_ws/OhioLMI/temp/OhioLMIKRA/build/luatabrcandroid/build.xml -lib /Users/Shared/Appfactory/Jenkins/buildslave/workspace/OhioLMI/Iris/Builds/Channels/buildAndroid@2/vis_ws/OhioLMI/bundles/com.pat.tool.keditor/lib/ant-contrib-0.6.jar -lib /Users/Shared/Appfactory/Jenkins/buildslave/workspace/OhioLMI/Iris/Builds/Channels/buildAndroid@2/vis_ws/OhioLMI/bundles/com.pat.tool.keditor/lib/AntelopeTasks_3.4.0.jar -lib /Users/Shared/Appfactory/Jenkins/buildslave/workspace/OhioLMI/Iris/Builds/Channels/buildAndroid@2/vis_ws/OhioLMI/bundles/com.pat.tool.keditor/lib/antlr-3.3-complete.jar all
[2023-01-24 11:37:29.053] [INFO] ci - Buildfile: /Users/Shared/Appfactory/Jenkins/buildslave/workspace/OhioLMI/Iris/Builds/Channels/buildAndroid@2/vis_ws/OhioLMI/temp/OhioLMIKRA/build/luatabrcandroid/build.xml
[2023-01-24 11:37:29.673] [INFO] ci - init:
[2023-01-24 11:37:29.673] [INFO] ci - 
[2023-01-24 11:37:29.803] [INFO] ci - [echo] isLibraryBuild :: false
[2023-01-24 11:37:29.803] [INFO] ci - [echo] UseSQLCipherFIPS :: false
[2023-01-24 11:37:29.804] [INFO] ci - [echo] UseOpenSSLLibrary :: false
[2023-01-24 11:37:29.804] [INFO] ci - [echo] enableReactNative :: ${enableReactNative}
[2023-01-24 11:37:29.804] [INFO] ci - [echo] build option :: release
[2023-01-24 11:37:29.804] [INFO] ci - [echo] andtargetsdkkey :: 31
[2023-01-24 11:37:29.805] [INFO] ci - [echo] donotAddQueryAllPackages:: ${donotAddQueryAllPackages}
[2023-01-24 11:37:29.807] [INFO] ci - [echo]  support_arm_32bit  :: false
     [echo]  support_arm_64bit  :: true
[2023-01-24 11:37:29.807] [INFO] ci - [echo]  support_x86_32bit  :: false
[2023-01-24 11:37:29.808] [INFO] ci - [echo]  support_x86_64bit  :: false
[2023-01-24 11:37:29.820] [INFO] ci - [echo] konyapp.dir = /Users/Shared/Appfactory/Jenkins/buildslave/workspace/OhioLMI/Iris/Builds/Channels/buildAndroid@2/vis_ws/OhioLMI/OhioLMIKRA
[2023-01-24 11:37:29.821] [INFO] ci - [echo] isIncrementalBuild = false
[2023-01-24 11:37:29.829] [INFO] ci - [echo] resources.common.folder ... common
[2023-01-24 11:37:29.829] [INFO] ci - [echo] resources.platform.folder ... tablet/native/androidtab
[2023-01-24 11:37:29.832] [INFO] ci - [echo] automation mode false
[2023-01-24 11:37:29.852] [INFO] ci - copyjar:
[2023-01-24 11:37:29.854] [INFO] ci - [echo] isIncrementalBuild = false and appdir.present = ${appdir.present}
[2023-01-24 11:37:29.854] [INFO] ci - [mkdir] Created dir: /Users/Shared/Appfactory/Jenkins/buildslave/workspace/OhioLMI/Iris/Builds/Channels/buildAndroid@2/vis_ws/OhioLMI/temp/OhioLMIKRA/build/luatabrcandroid/dist
[2023-01-24 11:37:29.854] [INFO] ci - [mkdir] Created dir: /Users/Shared/Appfactory/Jenkins/buildslave/workspace/OhioLMI/Iris/Builds/Channels/buildAndroid@2/vis_ws/OhioLMI/temp/OhioLMIKRA/build/luatabrcandroid/dist/OhioLMI
[2023-01-24 11:37:29.856] [INFO] ci - [unjar] Expanding: /Users/Shared/Appfactory/Jenkins/buildslave/workspace/OhioLMI/Iris/Builds/Channels/buildAndroid@2/vis_ws/OhioLMI/temp/OhioLMIKRA/build/luatabrcandroid/codegen.jar into /Users/Shared/Appfactory/Jenkins/buildslave/workspace/OhioLMI/Iris/Builds/Channels/buildAndroid@2/vis_ws/OhioLMI/temp/OhioLMIKRA/build/luatabrcandroid/dist/OhioLMI
[2023-01-24 11:37:29.956] [INFO] ci - copyextlibs:
     [echo] Copying extlibs ... dev.language = js
[2023-01-24 11:37:29.956] [INFO] ci - [echo] networktrustconfig = None
[2023-01-24 11:37:29.957] [INFO] ci - [echo] Copying Vulkan libs
[2023-01-24 11:37:29.959] [INFO] ci - [copy] Copying 1 file to /Users/Shared/Appfactory/Jenkins/buildslave/workspace/OhioLMI/Iris/Builds/Channels/buildAndroid@2/vis_ws/OhioLMI/temp/OhioLMIKRA/build/luatabrcandroid/dist/OhioLMI/libs
[2023-01-24 11:37:29.959] [INFO] ci - 
[2023-01-24 11:37:29.965] [INFO] ci - [copy] Copying 1 file to /Users/Shared/Appfactory/Jenkins/buildslave/workspace/OhioLMI/Iris/Builds/Channels/buildAndroid@2/vis_ws/OhioLMI/temp/OhioLMIKRA/build/luatabrcandroid/dist/OhioLMI/libs/arm64-v8a
[2023-01-24 11:37:29.967] [INFO] ci - [copy] Copying 1 file to /Users/Shared/Appfactory/Jenkins/buildslave/workspace/OhioLMI/Iris/Builds/Channels/buildAndroid@2/vis_ws/OhioLMI/temp/OhioLMIKRA/build/luatabrcandroid/dist/OhioLMI/libs/arm64-v8a
[2023-01-24 11:37:30.005] [INFO] ci - bundle-features:
[2023-01-24 11:37:30.024] [INFO] ci - [copy] Copying 52 files to /Users/Shared/Appfactory/Jenkins/buildslave/workspace/OhioLMI/Iris/Builds/Channels/buildAndroid@2/vis_ws/OhioLMI/temp/OhioLMIKRA/build/luatabrcandroid/dist/OhioLMI/libs
[2023-01-24 11:37:30.087] [INFO] ci - [copy] Copying 1 file to /Users/Shared/Appfactory/Jenkins/buildslave/workspace/OhioLMI/Iris/Builds/Channels/buildAndroid@2/vis_ws/OhioLMI/temp/OhioLMIKRA/build/luatabrcandroid/dist/OhioLMI/libs/arm64-v8a
[2023-01-24 11:37:30.112] [INFO] ci - [delete] Deleting: /Users/Shared/Appfactory/Jenkins/buildslave/workspace/OhioLMI/Iris/Builds/Channels/buildAndroid@2/vis_ws/OhioLMI/temp/OhioLMIKRA/build/luatabrcandroid/dist/OhioLMI/libs/kony-video-widget.jar
[2023-01-24 11:37:30.114] [INFO] ci - [copy] Copying 1 file to /Users/Shared/Appfactory/Jenkins/buildslave/workspace/OhioLMI/Iris/Builds/Channels/buildAndroid@2/vis_ws/OhioLMI/temp/OhioLMIKRA/build/luatabrcandroid/dist/OhioLMI/libs
[2023-01-24 11:37:30.115] [INFO] ci - [copy] Copying 1 file to /Users/Shared/Appfactory/Jenkins/buildslave/workspace/OhioLMI/Iris/Builds/Channels/buildAndroid@2/vis_ws/OhioLMI/temp/OhioLMIKRA/build/luatabrcandroid/dist/OhioLMI/libs
[2023-01-24 11:37:30.117] [INFO] ci - [copy] Copying 1 file to /Users/Shared/Appfactory/Jenkins/buildslave/workspace/OhioLMI/Iris/Builds/Channels/buildAndroid@2/vis_ws/OhioLMI/temp/OhioLMIKRA/build/luatabrcandroid/dist/OhioLMI/libs
[2023-01-24 11:37:30.119] [INFO] ci - convertAppidInLowerCase:
[2023-01-24 11:37:30.122] [INFO] ci - gen:
[2023-01-24 11:37:30.123] [INFO] ci - [echo] Building android source code
[2023-01-24 11:37:30.126] [INFO] ci - [echo] The value of packagename is gov.ohio.jfs.ohiolmi.dev
[2023-01-24 11:37:30.130] [INFO] ci - [echo] Creating package path: /Users/Shared/Appfactory/Jenkins/buildslave/workspace/OhioLMI/Iris/Builds/Channels/buildAndroid@2/vis_ws/OhioLMI/temp/OhioLMIKRA/build/luatabrcandroid/dist/OhioLMI/src/gov//ohio//jfs//ohiolmi//dev
[2023-01-24 11:37:30.135] [INFO] ci - [mkdir] Created dir: /Users/Shared/Appfactory/Jenkins/buildslave/workspace/OhioLMI/Iris/Builds/Channels/buildAndroid@2/vis_ws/OhioLMI/temp/OhioLMIKRA/build/luatabrcandroid/dist/OhioLMI/src/gov/ohio/jfs/ohiolmi/dev
[2023-01-24 11:37:30.136] [INFO] ci - [move] Moving 1 file to /Users/Shared/Appfactory/Jenkins/buildslave/workspace/OhioLMI/Iris/Builds/Channels/buildAndroid@2/vis_ws/OhioLMI/temp/OhioLMIKRA/build/luatabrcandroid/dist/OhioLMI/src/gov/ohio/jfs/ohiolmi/dev
[2023-01-24 11:37:30.210] [INFO] ci - [echo] system.information: Darwin administrators-Mac-mini-2.local 20.6.0 Darwin Kernel Version 20.6.0: Mon Aug 29 04:31:06 PDT 2022; root:xnu-7195.141.39~2/RELEASE_X86_64 x86_64
[2023-01-24 11:37:30.210] [INFO] ci - [echo]  architecture.arm64: ${architecture.arm64}
[2023-01-24 11:37:30.211] [INFO] ci - [echo]  usegoogleplaylocationservices: false
[2023-01-24 11:37:30.211] [INFO] ci - 
[2023-01-24 11:37:30.234] [INFO] ci - configure-play-auth-dependent-features:
[2023-01-24 11:37:30.257] [INFO] ci - addGoogleMapEntries:
[2023-01-24 11:37:30.261] [INFO] ci - [echo] The value of googlemapv2key is empty
     [echo]  MapV2 Metadata-Key:  
     [echo]  MapV2 Permissions:
[2023-01-24 11:37:30.287] [INFO] ci - addHuaweiMobileServicesEntries:
[2023-01-24 11:37:30.287] [INFO] ci - [echo]  useHuaweiMapAndLocationServices  :: false
[2023-01-24 11:37:30.287] [INFO] ci - [echo]  useHuaweiPushService  :: false
[2023-01-24 11:37:30.308] [INFO] ci - [move] Moving 1 file to /Users/Shared/Appfactory/Jenkins/buildslave/workspace/OhioLMI/Iris/Builds/Channels/buildAndroid@2/vis_ws/OhioLMI/temp/OhioLMIKRA/build/luatabrcandroid/dist/OhioLMI/src/gov/ohio/jfs/ohiolmi/dev
[2023-01-24 11:37:30.336] [INFO] ci - [echo] The value of andmanifesttags is
[2023-01-24 11:37:30.336] [INFO] ci - [echo] The value of andapplicationtags is
[2023-01-24 11:37:30.336] [INFO] ci - 
[2023-01-24 11:37:30.341] [INFO] ci - [echo] The value of activity_child_tags is
[2023-01-24 11:37:30.341] [INFO] ci - 
[2023-01-24 11:37:30.344] [INFO] ci - [echo] The value of andapplicationattrs is
[2023-01-24 11:37:30.345] [INFO] ci - [echo] The value of ismipmapicon is ${ismipmapicon}
[2023-01-24 11:37:30.346] [INFO] ci - [echo] Setting drawable icon: lmi_1024.png
[2023-01-24 11:37:30.352] [INFO] ci - [echo] The value of manifest_tag_attrs is
[2023-01-24 11:37:30.353] [INFO] ci - [echo] The value of activityattrs is
[2023-01-24 11:37:30.381] [INFO] ci - makeLauncherChanges:
     [echo] useHeadlessLauncherActivity:${useHeadlessLauncherActivity}
[2023-01-24 11:37:30.381] [INFO] ci - [echo] useCustomHeadlessLauncherActivity:${useCustomHeadlessLauncherActivity}
[2023-01-24 11:37:30.382] [INFO] ci - [delete] Deleting: /Users/Shared/Appfactory/Jenkins/buildslave/workspace/OhioLMI/Iris/Builds/Channels/buildAndroid@2/vis_ws/OhioLMI/temp/OhioLMIKRA/build/luatabrcandroid/dist/OhioLMI/src/APPIDHeadlessLauncherActivity.java
[2023-01-24 11:37:30.388] [INFO] ci - [echo] Min SDK version: minSdkVersion 21
[2023-01-24 11:37:30.388] [INFO] ci - [echo] Max SDK version:
[2023-01-24 11:37:30.390] [INFO] ci - [echo] Target SDK version: targetSdkVersion 31
[2023-01-24 11:37:30.395] [INFO] ci - [echo] splashOrientationClassifier: ${splashOrientationClassifier}
[2023-01-24 11:37:30.397] [INFO] ci - [echo] ACCESS_BACKGROUND_LOCATION is defined in application manifest entry:  false 
     [echo] ACCESS_BACKGROUND_LOCATION is added by location listener type: false 
     [echo] enableBatteryOptimizationAPI is defined in androidbuild.properties file : ${enableBatteryOptimizationAPI} 
     [echo] useExternalBouncyCastleLibrary is defined in androidbuild.properties file : ${useExternalBouncyCastleLibrary}
[2023-01-24 11:37:30.400] [INFO] ci - [echo] enablepushnotifications false
     [echo] enablefcmpushnotifications true
     [echo] customgcmbroadcastreceiver ${customgcmbroadcastreceiver}
     [echo] customfcmservice ${customfcmservice}
[2023-01-24 11:37:30.401] [INFO] ci - [echo] FCM GCM
[2023-01-24 11:37:30.403] [INFO] ci - [copy] Copying 1 file to /Users/Shared/Appfactory/Jenkins/buildslave/workspace/OhioLMI/Iris/Builds/Channels/buildAndroid@2/vis_ws/OhioLMI/temp/OhioLMIKRA/build/luatabrcandroid/dist/OhioLMI
[2023-01-24 11:37:30.404] [INFO] ci - [echo] Push Notification Permissions: 
     [echo] Push Notification Intent Filters: <intent-filter>
     [echo] <action android:name="gov.ohio.jfs.ohiolmi.dev.GCM_MSG_VIEW"/>
     [echo]                    <category android:name="android.intent.category.DEFAULT" />
     [echo] </intent-filter>
     [echo] Push Notification Intent Receiver: 
     [echo] Volt MX Local Service:
[2023-01-24 11:37:30.426] [INFO] ci - [echo] push_notification_type.local 2
[2023-01-24 11:37:30.435] [INFO] ci - [echo] application childtags does not contain  com.konylabs.api.wearable.KonyWearableListenerService
[2023-01-24 11:37:30.437] [INFO] ci - [echo] watch_background_listener_service =
[2023-01-24 11:37:30.449] [INFO] ci - [delete] Deleting: /Users/Shared/Appfactory/Jenkins/buildslave/workspace/OhioLMI/Iris/Builds/Channels/buildAndroid@2/vis_ws/OhioLMI/temp/OhioLMIKRA/build/luatabrcandroid/deeplinkdata.txt
[2023-01-24 11:37:30.451] [INFO] ci - [echo] Any Density: android:anyDensity ="true"
     [echo] Small Screen: android:smallScreens ="true" 
     [echo] Normal Screen: android:normalScreens ="true"
     [echo] Large Screen: android:largeScreens ="true" 
     [echo] xLarge Screen: android:xlargeScreens ="true" 
     [echo] Resizable:
[2023-01-24 11:37:30.457] [INFO] ci - [echo] Install location not defined
[2023-01-24 11:37:30.460] [INFO] ci - [echo] Permissions set:
     [echo]  <uses-permission android:name="android.permission.INTERNET"/>
     [echo]  <uses-permission android:name="android.permission.ACCESS_NETWORK_STATE"/>
[2023-01-24 11:37:30.469] [INFO] ci - [echo]  LOCAL Notification Permissions:
[2023-01-24 11:37:30.469] [INFO] ci - [echo]  LOCAL Notification Intent Filters:  
     [echo]  LOCAL Notification Intent Receiver:
[2023-01-24 11:37:30.506] [INFO] ci - [echo] Google-Pay  :: false
[2023-01-24 11:37:30.511] [INFO] ci - [echo] useMLImageClassifier  :: ${useMLImageClassifier}
[2023-01-24 11:37:30.544] [INFO] ci - [echo] build_gradle_attrs_prefix =
[2023-01-24 11:37:30.547] [INFO] ci - [echo] build_gradle_attrs_suffix = android { defaultConfig { renderscriptSupportModeEnabled false } }
[2023-01-24 11:37:30.550] [INFO] ci - [echo] gradle_properties_attrs =
[2023-01-24 11:37:30.550] [INFO] ci - [echo] gradle_properties_attrs =
[2023-01-24 11:37:30.557] [INFO] ci - cleanupgradle:
[2023-01-24 11:37:30.562] [INFO] ci - checkAndIncludeReactNative:
     [echo] enableReactNative :: ${enableReactNative}
[2023-01-24 11:37:30.570] [INFO] ci - copyassets:
[2023-01-24 11:37:30.570] [INFO] ci - [echo] Copying the resources to android assets
[2023-01-24 11:37:30.571] [INFO] ci - [copy] Copying 1 file to /Users/Shared/Appfactory/Jenkins/buildslave/workspace/OhioLMI/Iris/Builds/Channels/buildAndroid@2/vis_ws/OhioLMI/temp/OhioLMIKRA/build/luatabrcandroid/dist/OhioLMI/assets
[2023-01-24 11:37:30.586] [INFO] ci - [echo] DefaultLocale = ${DefaultLocale}
[2023-01-24 11:37:30.608] [INFO] ci - writeMainActivityFullNameToAppPropertiesFile:
[2023-01-24 11:37:30.608] [INFO] ci - [echo] isRelativeClass inside writeAppID.. :${isRelativeClassName}
[2023-01-24 11:37:30.608] [INFO] ci - [echo] mainActivityFullyQualifiedName:gov.ohio.jfs.ohiolmi.dev.OhioLMI
[2023-01-24 11:37:30.615] [INFO] ci - [propertyfile] Creating new property file: /Users/Shared/Appfactory/Jenkins/buildslave/workspace/OhioLMI/Iris/Builds/Channels/buildAndroid@2/vis_ws/OhioLMI/temp/OhioLMIKRA/build/luatabrcandroid/dist/OhioLMI/assets/additional.properties
[2023-01-24 11:37:30.623] [INFO] ci - [copy] Copying 1 file to /Users/Shared/Appfactory/Jenkins/buildslave/workspace/OhioLMI/Iris/Builds/Channels/buildAndroid@2/vis_ws/OhioLMI/temp/OhioLMIKRA/build/luatabrcandroid/dist/OhioLMI/assets
[2023-01-24 11:37:30.629] [INFO] ci - [copy] Copying 1 file to /Users/Shared/Appfactory/Jenkins/buildslave/workspace/OhioLMI/Iris/Builds/Channels/buildAndroid@2/vis_ws/OhioLMI/temp/OhioLMIKRA/build/luatabrcandroid/dist/OhioLMI/assets
[2023-01-24 11:37:30.643] [INFO] ci - Trying to override old definition of task escapejssource
[2023-01-24 11:37:30.674] [INFO] ci - copy-appsrc:
[2023-01-24 11:37:30.707] [INFO] ci - compress:
[2023-01-24 11:37:30.707] [INFO] ci - [echo] Compressing the android OhioLMI application
[2023-01-24 11:37:30.708] [INFO] ci - [mkdir] Created dir: /Users/Shared/Appfactory/Jenkins/buildslave/workspace/OhioLMI/Iris/Builds/Channels/buildAndroid@2/vis_ws/OhioLMI/temp/OhioLMIKRA/build/luatabrcandroid/minification
[2023-01-24 11:37:30.709] [INFO] ci - [mkdir] Created dir: /Users/Shared/Appfactory/Jenkins/buildslave/workspace/OhioLMI/Iris/Builds/Channels/buildAndroid@2/vis_ws/OhioLMI/temp/OhioLMIKRA/build/luatabrcandroid/minification/startup
[2023-01-24 11:37:30.710] [INFO] ci - [copy] Copying 1 file to /Users/Shared/Appfactory/Jenkins/buildslave/workspace/OhioLMI/Iris/Builds/Channels/buildAndroid@2/vis_ws/OhioLMI/temp/OhioLMIKRA/build/luatabrcandroid/minification/startup
[2023-01-24 11:37:30.712] [INFO] ci - [mkdir] Created dir: /Users/Shared/Appfactory/Jenkins/buildslave/workspace/OhioLMI/Iris/Builds/Channels/buildAndroid@2/vis_ws/OhioLMI/temp/OhioLMIKRA/build/luatabrcandroid/minification/require
[2023-01-24 11:37:30.717] [INFO] ci - [copy] Copying 46 files to /Users/Shared/Appfactory/Jenkins/buildslave/workspace/OhioLMI/Iris/Builds/Channels/buildAndroid@2/vis_ws/OhioLMI/temp/OhioLMIKRA/build/luatabrcandroid/minification/require
[2023-01-24 11:37:30.762] [INFO] ci - [mkdir] Created dir: /Users/Shared/Appfactory/Jenkins/buildslave/workspace/OhioLMI/Iris/Builds/Channels/buildAndroid@2/vis_ws/OhioLMI/temp/OhioLMIKRA/build/luatabrcandroid/minification/default
[2023-01-24 11:37:30.763] [INFO] ci - [copy] Copying 13 files to /Users/Shared/Appfactory/Jenkins/buildslave/workspace/OhioLMI/Iris/Builds/Channels/buildAndroid@2/vis_ws/OhioLMI/temp/OhioLMIKRA/build/luatabrcandroid/minification/default
[2023-01-24 11:37:30.780] [INFO] ci - [echo] enableawssdk = false
[2023-01-24 11:37:30.781] [INFO] ci - [echo]  awssdkfileloc = ${awssdkfileloc}
[2023-01-24 11:37:30.781] [INFO] ci - [mkdir] Created dir: /Users/Shared/Appfactory/Jenkins/buildslave/workspace/OhioLMI/Iris/Builds/Channels/buildAndroid@2/vis_ws/OhioLMI/temp/OhioLMIKRA/build/luatabrcandroid/minification/extres
[2023-01-24 11:37:30.786] [INFO] ci - [copy] Copying 5 files to /Users/Shared/Appfactory/Jenkins/buildslave/workspace/OhioLMI/Iris/Builds/Channels/buildAndroid@2/vis_ws/OhioLMI/temp/OhioLMIKRA/build/luatabrcandroid/minification/extres
[2023-01-24 11:37:31.048] [INFO] ci - zip_individual_files:
[2023-01-24 11:37:31.049] [INFO] ci - zip_individual_files:
[2023-01-24 11:37:31.070] [INFO] ci - zip_individual_files:
[2023-01-24 11:37:31.074] [INFO] ci - zip_individual_files:
[2023-01-24 11:37:31.074] [INFO] ci - 
[2023-01-24 11:37:31.076] [INFO] ci - zip_individual_files:
[2023-01-24 11:37:31.088] [INFO] ci - zip_individual_files:
[2023-01-24 11:37:31.089] [INFO] ci - 
[2023-01-24 11:37:31.091] [INFO] ci - zip_individual_files:
[2023-01-24 11:37:31.106] [INFO] ci - zip_individual_files:
[2023-01-24 11:37:31.106] [INFO] ci - 
[2023-01-24 11:37:31.128] [INFO] ci - zip_individual_files:
[2023-01-24 11:37:31.130] [INFO] ci - [zip] Building zip: /Users/Shared/Appfactory/Jenkins/buildslave/workspace/OhioLMI/Iris/Builds/Channels/buildAndroid@2/vis_ws/OhioLMI/temp/OhioLMIKRA/build/luatabrcandroid/minification/require/applicationController.js.zip
[2023-01-24 11:37:31.132] [INFO] ci - zip_individual_files:
[2023-01-24 11:37:31.133] [INFO] ci - zip_individual_files:
[2023-01-24 11:37:31.134] [INFO] ci - [zip] Building zip: /Users/Shared/Appfactory/Jenkins/buildslave/workspace/OhioLMI/Iris/Builds/Channels/buildAndroid@2/vis_ws/OhioLMI/temp/OhioLMIKRA/build/luatabrcandroid/minification/require/frmMSAController.js.zip
[2023-01-24 11:37:31.137] [INFO] ci - [zip] Building zip: /Users/Shared/Appfactory/Jenkins/buildslave/workspace/OhioLMI/Iris/Builds/Channels/buildAndroid@2/vis_ws/OhioLMI/temp/OhioLMIKRA/build/luatabrcandroid/minification/require/FBox0f4b56babe7544f.js.zip
[2023-01-24 11:37:31.138] [INFO] ci - 
[2023-01-24 11:37:31.142] [INFO] ci - zip_individual_files:
[2023-01-24 11:37:31.143] [INFO] ci - zip_individual_files:
[2023-01-24 11:37:31.143] [INFO] ci - 
[2023-01-24 11:37:31.144] [INFO] ci - [zip] Building zip: /Users/Shared/Appfactory/Jenkins/buildslave/workspace/OhioLMI/Iris/Builds/Channels/buildAndroid@2/vis_ws/OhioLMI/temp/OhioLMIKRA/build/luatabrcandroid/minification/require/flexSegmentController.js.zip
[2023-01-24 11:37:31.145] [INFO] ci - [zip] Building zip: /Users/Shared/Appfactory/Jenkins/buildslave/workspace/OhioLMI/Iris/Builds/Channels/buildAndroid@2/vis_ws/OhioLMI/temp/OhioLMIKRA/build/luatabrcandroid/minification/require/com/ohio/lmi/MainHead/MainHeadController.js.zip
[2023-01-24 11:37:31.146] [INFO] ci - [move] Moving 1 file to /Users/Shared/Appfactory/Jenkins/buildslave/workspace/OhioLMI/Iris/Builds/Channels/buildAndroid@2/vis_ws/OhioLMI/temp/OhioLMIKRA/build/luatabrcandroid/minification/require
[2023-01-24 11:37:31.147] [INFO] ci - zip_individual_files:
[2023-01-24 11:37:31.147] [INFO] ci - [move] Moving 1 file to /Users/Shared/Appfactory/Jenkins/buildslave/workspace/OhioLMI/Iris/Builds/Channels/buildAndroid@2/vis_ws/OhioLMI/temp/OhioLMIKRA/build/luatabrcandroid/minification/require
[2023-01-24 11:37:31.147] [INFO] ci - zip_individual_files:
[2023-01-24 11:37:31.148] [INFO] ci - 
[2023-01-24 11:37:31.148] [INFO] ci - [move] Moving 1 file to /Users/Shared/Appfactory/Jenkins/buildslave/workspace/OhioLMI/Iris/Builds/Channels/buildAndroid@2/vis_ws/OhioLMI/temp/OhioLMIKRA/build/luatabrcandroid/minification/require/com/ohio/lmi/MainHead
[2023-01-24 11:37:31.149] [INFO] ci - zip_individual_files:
[2023-01-24 11:37:31.149] [INFO] ci - [zip] Building zip: /Users/Shared/Appfactory/Jenkins/buildslave/workspace/OhioLMI/Iris/Builds/Channels/buildAndroid@2/vis_ws/OhioLMI/temp/OhioLMIKRA/build/luatabrcandroid/minification/require/flxSampleRowTemplate.js.zip
[2023-01-24 11:37:31.149] [INFO] ci - 
[2023-01-24 11:37:31.151] [INFO] ci - [zip] Building zip: /Users/Shared/Appfactory/Jenkins/buildslave/workspace/OhioLMI/Iris/Builds/Channels/buildAndroid@2/vis_ws/OhioLMI/temp/OhioLMIKRA/build/luatabrcandroid/minification/require/com/ohio/lmi/TopHead/TopHead.js.zip
[2023-01-24 11:37:31.151] [INFO] ci - [zip] Building zip: /Users/Shared/Appfactory/Jenkins/buildslave/workspace/OhioLMI/Iris/Builds/Channels/buildAndroid@2/vis_ws/OhioLMI/temp/OhioLMIKRA/build/luatabrcandroid/minification/require/com/ohio/lmi/foot/Foot/Foot.js.zip
[2023-01-24 11:37:31.153] [INFO] ci - [move] Moving 1 file to /Users/Shared/Appfactory/Jenkins/buildslave/workspace/OhioLMI/Iris/Builds/Channels/buildAndroid@2/vis_ws/OhioLMI/temp/OhioLMIKRA/build/luatabrcandroid/minification/require
[2023-01-24 11:37:31.153] [INFO] ci - zip_individual_files:
[2023-01-24 11:37:31.153] [INFO] ci - [move] Moving 1 file to /Users/Shared/Appfactory/Jenkins/buildslave/workspace/OhioLMI/Iris/Builds/Channels/buildAndroid@2/vis_ws/OhioLMI/temp/OhioLMIKRA/build/luatabrcandroid/minification/require/com/ohio/lmi/TopHead
[2023-01-24 11:37:31.154] [INFO] ci - [move] Moving 1 file to /Users/Shared/Appfactory/Jenkins/buildslave/workspace/OhioLMI/Iris/Builds/Channels/buildAndroid@2/vis_ws/OhioLMI/temp/OhioLMIKRA/build/luatabrcandroid/minification/require/com/ohio/lmi/foot/Foot

zip_individual_files:
[2023-01-24 11:37:31.155] [INFO] ci - [move] Moving 1 file to /Users/Shared/Appfactory/Jenkins/buildslave/workspace/OhioLMI/Iris/Builds/Channels/buildAndroid@2/vis_ws/OhioLMI/temp/OhioLMIKRA/build/luatabrcandroid/minification/require
[2023-01-24 11:37:31.157] [INFO] ci - [zip] Building zip: /Users/Shared/Appfactory/Jenkins/buildslave/workspace/OhioLMI/Iris/Builds/Channels/buildAndroid@2/vis_ws/OhioLMI/temp/OhioLMIKRA/build/luatabrcandroid/minification/require/frmAboutController.js.zip
[2023-01-24 11:37:31.158] [INFO] ci - [zip] Building zip: /Users/Shared/Appfactory/Jenkins/buildslave/workspace/OhioLMI/Iris/Builds/Channels/buildAndroid@2/vis_ws/OhioLMI/temp/OhioLMIKRA/build/luatabrcandroid/minification/require/flexSegSub0d5833bd9bf134bController.js.zip
[2023-01-24 11:37:31.158] [INFO] ci - zip_individual_files:
[2023-01-24 11:37:31.159] [INFO] ci - 
[2023-01-24 11:37:31.160] [INFO] ci - [move] Moving 1 file to /Users/Shared/Appfactory/Jenkins/buildslave/workspace/OhioLMI/Iris/Builds/Channels/buildAndroid@2/vis_ws/OhioLMI/temp/OhioLMIKRA/build/luatabrcandroid/minification/require
[2023-01-24 11:37:31.160] [INFO] ci - [zip] Building zip: /Users/Shared/Appfactory/Jenkins/buildslave/workspace/OhioLMI/Iris/Builds/Channels/buildAndroid@2/vis_ws/OhioLMI/temp/OhioLMIKRA/build/luatabrcandroid/minification/require/com/ohio/lmi/Head/HeadController.js.zip
[2023-01-24 11:37:31.161] [INFO] ci - [zip] Building zip: /Users/Shared/Appfactory/Jenkins/buildslave/workspace/OhioLMI/Iris/Builds/Channels/buildAndroid@2/vis_ws/OhioLMI/temp/OhioLMIKRA/build/luatabrcandroid/minification/require/frmBrowserController.js.zip
[2023-01-24 11:37:31.161] [INFO] ci - 
[2023-01-24 11:37:31.162] [INFO] ci - zip_individual_files:
[2023-01-24 11:37:31.163] [INFO] ci - zip_individual_files:
[2023-01-24 11:37:31.163] [INFO] ci - [zip] Building zip: /Users/Shared/Appfactory/Jenkins/buildslave/workspace/OhioLMI/Iris/Builds/Channels/buildAndroid@2/vis_ws/OhioLMI/temp/OhioLMIKRA/build/luatabrcandroid/minification/require/frmAbout.js.zip
[2023-01-24 11:37:31.164] [INFO] ci - zip_individual_files:
[2023-01-24 11:37:31.164] [INFO] ci - 
[2023-01-24 11:37:31.164] [INFO] ci - zip_individual_files:
[2023-01-24 11:37:31.165] [INFO] ci - zip_individual_files:
[2023-01-24 11:37:31.165] [INFO] ci - 
[2023-01-24 11:37:31.165] [INFO] ci - zip_individual_files:
[2023-01-24 11:37:31.165] [INFO] ci - [zip] Building zip: /Users/Shared/Appfactory/Jenkins/buildslave/workspace/OhioLMI/Iris/Builds/Channels/buildAndroid@2/vis_ws/OhioLMI/temp/OhioLMIKRA/build/luatabrcandroid/minification/require/FBox0d2b4dfcdbd5e48Controller.js.zip
     [move] Moving 1 file to /Users/Shared/Appfactory/Jenkins/buildslave/workspace/OhioLMI/Iris/Builds/Channels/buildAndroid@2/vis_ws/OhioLMI/temp/OhioLMIKRA/build/luatabrcandroid/minification/require
[2023-01-24 11:37:31.166] [INFO] ci - [move] Moving 1 file to /Users/Shared/Appfactory/Jenkins/buildslave/workspace/OhioLMI/Iris/Builds/Channels/buildAndroid@2/vis_ws/OhioLMI/temp/OhioLMIKRA/build/luatabrcandroid/minification/require
[2023-01-24 11:37:31.168] [INFO] ci - [zip] Building zip: /Users/Shared/Appfactory/Jenkins/buildslave/workspace/OhioLMI/Iris/Builds/Channels/buildAndroid@2/vis_ws/OhioLMI/temp/OhioLMIKRA/build/luatabrcandroid/minification/require/flxSectionHeaderTemplateController.js.zip
[2023-01-24 11:37:31.168] [INFO] ci - [zip] Building zip: /Users/Shared/Appfactory/Jenkins/buildslave/workspace/OhioLMI/Iris/Builds/Channels/buildAndroid@2/vis_ws/OhioLMI/temp/OhioLMIKRA/build/luatabrcandroid/minification/require/flxSampleRowTemplateController.js.zip
[2023-01-24 11:37:31.168] [INFO] ci - [move] Moving 1 file to /Users/Shared/Appfactory/Jenkins/buildslave/workspace/OhioLMI/Iris/Builds/Channels/buildAndroid@2/vis_ws/OhioLMI/temp/OhioLMIKRA/build/luatabrcandroid/minification/require
[2023-01-24 11:37:31.169] [INFO] ci - [zip] Building zip: /Users/Shared/Appfactory/Jenkins/buildslave/workspace/OhioLMI/Iris/Builds/Channels/buildAndroid@2/vis_ws/OhioLMI/temp/OhioLMIKRA/build/luatabrcandroid/minification/require/frmSettingsController.js.zip
[2023-01-24 11:37:31.171] [INFO] ci - [move] Moving 1 file to /Users/Shared/Appfactory/Jenkins/buildslave/workspace/OhioLMI/Iris/Builds/Channels/buildAndroid@2/vis_ws/OhioLMI/temp/OhioLMIKRA/build/luatabrcandroid/minification/require
[2023-01-24 11:37:31.171] [INFO] ci - [move] Moving 1 file to /Users/Shared/Appfactory/Jenkins/buildslave/workspace/OhioLMI/Iris/Builds/Channels/buildAndroid@2/vis_ws/OhioLMI/temp/OhioLMIKRA/build/luatabrcandroid/minification/require
[2023-01-24 11:37:31.171] [INFO] ci - zip_individual_files:
[2023-01-24 11:37:31.173] [INFO] ci - [zip] Building zip: /Users/Shared/Appfactory/Jenkins/buildslave/workspace/OhioLMI/Iris/Builds/Channels/buildAndroid@2/vis_ws/OhioLMI/temp/OhioLMIKRA/build/luatabrcandroid/minification/require/frmBrowser.js.zip
[2023-01-24 11:37:31.174] [INFO] ci - zip_individual_files:
[2023-01-24 11:37:31.174] [INFO] ci - [zip] Building zip: /Users/Shared/Appfactory/Jenkins/buildslave/workspace/OhioLMI/Iris/Builds/Channels/buildAndroid@2/vis_ws/OhioLMI/temp/OhioLMIKRA/build/luatabrcandroid/minification/require/CopyflexSegSub0da820a0605274d.js.zip

zip_individual_files:
[2023-01-24 11:37:31.174] [INFO] ci - zip_individual_files:
[2023-01-24 11:37:31.175] [INFO] ci - [zip] Building zip: /Users/Shared/Appfactory/Jenkins/buildslave/workspace/OhioLMI/Iris/Builds/Channels/buildAndroid@2/vis_ws/OhioLMI/temp/OhioLMIKRA/build/luatabrcandroid/minification/require/FBox0f4b56babe7544fController.js.zip
[2023-01-24 11:37:31.175] [INFO] ci - zip_individual_files:
[2023-01-24 11:37:31.175] [INFO] ci - [zip] Building zip: /Users/Shared/Appfactory/Jenkins/buildslave/workspace/OhioLMI/Iris/Builds/Channels/buildAndroid@2/vis_ws/OhioLMI/temp/OhioLMIKRA/build/luatabrcandroid/minification/require/flexSegSub0b8d940e5ed104fController.js.zip
[2023-01-24 11:37:31.175] [INFO] ci - [zip] Building zip: /Users/Shared/Appfactory/Jenkins/buildslave/workspace/OhioLMI/Iris/Builds/Channels/buildAndroid@2/vis_ws/OhioLMI/temp/OhioLMIKRA/build/luatabrcandroid/minification/require/com/ohio/lmi/TopHead/TopHeadController.js.zip
[2023-01-24 11:37:31.176] [INFO] ci - 
[2023-01-24 11:37:31.176] [INFO] ci - [move] Moving 1 file to /Users/Shared/Appfactory/Jenkins/buildslave/workspace/OhioLMI/Iris/Builds/Channels/buildAndroid@2/vis_ws/OhioLMI/temp/OhioLMIKRA/build/luatabrcandroid/minification/require
[2023-01-24 11:37:31.177] [INFO] ci - [move] Moving 1 file to /Users/Shared/Appfactory/Jenkins/buildslave/workspace/OhioLMI/Iris/Builds/Channels/buildAndroid@2/vis_ws/OhioLMI/temp/OhioLMIKRA/build/luatabrcandroid/minification/require
[2023-01-24 11:37:31.177] [INFO] ci - [move] Moving 1 file to /Users/Shared/Appfactory/Jenkins/buildslave/workspace/OhioLMI/Iris/Builds/Channels/buildAndroid@2/vis_ws/OhioLMI/temp/OhioLMIKRA/build/luatabrcandroid/minification/require
[2023-01-24 11:37:31.183] [INFO] ci - [zip] Building zip: /Users/Shared/Appfactory/Jenkins/buildslave/workspace/OhioLMI/Iris/Builds/Channels/buildAndroid@2/vis_ws/OhioLMI/temp/OhioLMIKRA/build/luatabrcandroid/minification/require/RepoManagerConfig.js.zip
      [zip] Building zip: /Users/Shared/Appfactory/Jenkins/buildslave/workspace/OhioLMI/Iris/Builds/Channels/buildAndroid@2/vis_ws/OhioLMI/temp/OhioLMIKRA/build/luatabrcandroid/minification/require/com/ohio/lmi/MainHead/MainHead.js.zip
      [zip] Building zip: /Users/Shared/Appfactory/Jenkins/buildslave/workspace/OhioLMI/Iris/Builds/Channels/buildAndroid@2/vis_ws/OhioLMI/temp/OhioLMIKRA/build/luatabrcandroid/minification/require/com/ohio/lmi/Head/Head.js.zip
      [zip] Building zip: /Users/Shared/Appfactory/Jenkins/buildslave/workspace/OhioLMI/Iris/Builds/Channels/buildAndroid@2/vis_ws/OhioLMI/temp/OhioLMIKRA/build/luatabrcandroid/minification/require/navigation/NavigationController.js.zip
      [zip] Building zip: /Users/Shared/Appfactory/Jenkins/buildslave/workspace/OhioLMI/Iris/Builds/Channels/buildAndroid@2/vis_ws/OhioLMI/temp/OhioLMIKRA/build/luatabrcandroid/minification/require/CopyflexSegSub0da820a0605274dController.js.zip

zip_individual_files:
     [move] Moving 1 file to /Users/Shared/Appfactory/Jenkins/buildslave/workspace/OhioLMI/Iris/Builds/Channels/buildAndroid@2/vis_ws/OhioLMI/temp/OhioLMIKRA/build/luatabrcandroid/minification/require/com/ohio/lmi/MainHead
     [move] Moving 1 file to /Users/Shared/Appfactory/Jenkins/buildslave/workspace/OhioLMI/Iris/Builds/Channels/buildAndroid@2/vis_ws/OhioLMI/temp/OhioLMIKRA/build/luatabrcandroid/minification/require
      [zip] Building zip: /Users/Shared/Appfactory/Jenkins/buildslave/workspace/OhioLMI/Iris/Builds/Channels/buildAndroid@2/vis_ws/OhioLMI/temp/OhioLMIKRA/build/luatabrcandroid/minification/require/frmSettings.js.zip
     [move] Moving 1 file to /Users/Shared/Appfactory/Jenkins/buildslave/workspace/OhioLMI/Iris/Builds/Channels/buildAndroid@2/vis_ws/OhioLMI/temp/OhioLMIKRA/build/luatabrcandroid/minification/require/com/ohio/lmi/Head
     [move] Moving 1 file to /Users/Shared/Appfactory/Jenkins/buildslave/workspace/OhioLMI/Iris/Builds/Channels/buildAndroid@2/vis_ws/OhioLMI/temp/OhioLMIKRA/build/luatabrcandroid/minification/require/navigation
      [zip] Building zip: /Users/Shared/Appfactory/Jenkins/buildslave/workspace/OhioLMI/Iris/Builds/Channels/buildAndroid@2/vis_ws/OhioLMI/temp/OhioLMIKRA/build/luatabrcandroid/minification/require/frmEconomy.js.zip
[2023-01-24 11:37:31.187] [INFO] ci - [move] Moving 1 file to /Users/Shared/Appfactory/Jenkins/buildslave/workspace/OhioLMI/Iris/Builds/Channels/buildAndroid@2/vis_ws/OhioLMI/temp/OhioLMIKRA/build/luatabrcandroid/minification/require
     [move] Moving 1 file to /Users/Shared/Appfactory/Jenkins/buildslave/workspace/OhioLMI/Iris/Builds/Channels/buildAndroid@2/vis_ws/OhioLMI/temp/OhioLMIKRA/build/luatabrcandroid/minification/require

zip_individual_files:
     [move] Moving 1 file to /Users/Shared/Appfactory/Jenkins/buildslave/workspace/OhioLMI/Iris/Builds/Channels/buildAndroid@2/vis_ws/OhioLMI/temp/OhioLMIKRA/build/luatabrcandroid/minification/require

zip_individual_files:
[2023-01-24 11:37:31.188] [INFO] ci - [move] Moving 1 file to /Users/Shared/Appfactory/Jenkins/buildslave/workspace/OhioLMI/Iris/Builds/Channels/buildAndroid@2/vis_ws/OhioLMI/temp/OhioLMIKRA/build/luatabrcandroid/minification/require/com/ohio/lmi/TopHead
     [move] Moving 1 file to /Users/Shared/Appfactory/Jenkins/buildslave/workspace/OhioLMI/Iris/Builds/Channels/buildAndroid@2/vis_ws/OhioLMI/temp/OhioLMIKRA/build/luatabrcandroid/minification/require

zip_individual_files:

zip_individual_files:

zip_individual_files:
[2023-01-24 11:37:31.189] [INFO] ci - zip_individual_files:
      [zip] Building zip: /Users/Shared/Appfactory/Jenkins/buildslave/workspace/OhioLMI/Iris/Builds/Channels/buildAndroid@2/vis_ws/OhioLMI/temp/OhioLMIKRA/build/luatabrcandroid/minification/require/frmUnemployment.js.zip

zip_individual_files:

zip_individual_files:
      [zip] Building zip: /Users/Shared/Appfactory/Jenkins/buildslave/workspace/OhioLMI/Iris/Builds/Channels/buildAndroid@2/vis_ws/OhioLMI/temp/OhioLMIKRA/build/luatabrcandroid/minification/require/navigation/NavigationModel.js.zip
[2023-01-24 11:37:31.189] [INFO] ci - [zip] Building zip: /Users/Shared/Appfactory/Jenkins/buildslave/workspace/OhioLMI/Iris/Builds/Channels/buildAndroid@2/vis_ws/OhioLMI/temp/OhioLMIKRA/build/luatabrcandroid/minification/require/flexSegSub0b8d940e5ed104f.js.zip
[2023-01-24 11:37:31.190] [INFO] ci - [zip] Building zip: /Users/Shared/Appfactory/Jenkins/buildslave/workspace/OhioLMI/Iris/Builds/Channels/buildAndroid@2/vis_ws/OhioLMI/temp/OhioLMIKRA/build/luatabrcandroid/minification/require/frmLabor.js.zip
      [zip] Building zip: /Users/Shared/Appfactory/Jenkins/buildslave/workspace/OhioLMI/Iris/Builds/Channels/buildAndroid@2/vis_ws/OhioLMI/temp/OhioLMIKRA/build/luatabrcandroid/minification/require/flexSegSub0d5833bd9bf134b.js.zip
[2023-01-24 11:37:31.190] [INFO] ci - [zip] Building zip: /Users/Shared/Appfactory/Jenkins/buildslave/workspace/OhioLMI/Iris/Builds/Channels/buildAndroid@2/vis_ws/OhioLMI/temp/OhioLMIKRA/build/luatabrcandroid/minification/require/frmMainController.js.zip
[2023-01-24 11:37:31.190] [INFO] ci - [zip] Building zip: /Users/Shared/Appfactory/Jenkins/buildslave/workspace/OhioLMI/Iris/Builds/Channels/buildAndroid@2/vis_ws/OhioLMI/temp/OhioLMIKRA/build/luatabrcandroid/minification/require/frmMSA.js.zip
[2023-01-24 11:37:31.191] [INFO] ci - [zip] Building zip: /Users/Shared/Appfactory/Jenkins/buildslave/workspace/OhioLMI/Iris/Builds/Channels/buildAndroid@2/vis_ws/OhioLMI/temp/OhioLMIKRA/build/luatabrcandroid/minification/require/frmIndustry.js.zip
      [zip] Building zip: /Users/Shared/Appfactory/Jenkins/buildslave/workspace/OhioLMI/Iris/Builds/Channels/buildAndroid@2/vis_ws/OhioLMI/temp/OhioLMIKRA/build/luatabrcandroid/minification/require/frmEconomyController.js.zip

zip_individual_files:
[2023-01-24 11:37:31.193] [INFO] ci - [move] Moving 1 file to /Users/Shared/Appfactory/Jenkins/buildslave/workspace/OhioLMI/Iris/Builds/Channels/buildAndroid@2/vis_ws/OhioLMI/temp/OhioLMIKRA/build/luatabrcandroid/minification/require
     [move] Moving 1 file to /Users/Shared/Appfactory/Jenkins/buildslave/workspace/OhioLMI/Iris/Builds/Channels/buildAndroid@2/vis_ws/OhioLMI/temp/OhioLMIKRA/build/luatabrcandroid/minification/require/navigation
     [move] Moving 1 file to /Users/Shared/Appfactory/Jenkins/buildslave/workspace/OhioLMI/Iris/Builds/Channels/buildAndroid@2/vis_ws/OhioLMI/temp/OhioLMIKRA/build/luatabrcandroid/minification/require
     [move] Moving 1 file to /Users/Shared/Appfactory/Jenkins/buildslave/workspace/OhioLMI/Iris/Builds/Channels/buildAndroid@2/vis_ws/OhioLMI/temp/OhioLMIKRA/build/luatabrcandroid/minification/require
     [move] Moving 1 file to /Users/Shared/Appfactory/Jenkins/buildslave/workspace/OhioLMI/Iris/Builds/Channels/buildAndroid@2/vis_ws/OhioLMI/temp/OhioLMIKRA/build/luatabrcandroid/minification/require
      [zip] Building zip: /Users/Shared/Appfactory/Jenkins/buildslave/workspace/OhioLMI/Iris/Builds/Channels/buildAndroid@2/vis_ws/OhioLMI/temp/OhioLMIKRA/build/luatabrcandroid/minification/require/frmLaborController.js.zip
     [move] Moving 1 file to /Users/Shared/Appfactory/Jenkins/buildslave/workspace/OhioLMI/Iris/Builds/Channels/buildAndroid@2/vis_ws/OhioLMI/temp/OhioLMIKRA/build/luatabrcandroid/minification/require
[2023-01-24 11:37:31.193] [INFO] ci - [move] Moving 1 file to /Users/Shared/Appfactory/Jenkins/buildslave/workspace/OhioLMI/Iris/Builds/Channels/buildAndroid@2/vis_ws/OhioLMI/temp/OhioLMIKRA/build/luatabrcandroid/minification/require
     [move] Moving 1 file to /Users/Shared/Appfactory/Jenkins/buildslave/workspace/OhioLMI/Iris/Builds/Channels/buildAndroid@2/vis_ws/OhioLMI/temp/OhioLMIKRA/build/luatabrcandroid/minification/require
[2023-01-24 11:37:31.194] [INFO] ci - zip_individual_files:
     [move] Moving 1 file to /Users/Shared/Appfactory/Jenkins/buildslave/workspace/OhioLMI/Iris/Builds/Channels/buildAndroid@2/vis_ws/OhioLMI/temp/OhioLMIKRA/build/luatabrcandroid/minification/require
[2023-01-24 11:37:31.194] [INFO] ci - [move] Moving 1 file to /Users/Shared/Appfactory/Jenkins/buildslave/workspace/OhioLMI/Iris/Builds/Channels/buildAndroid@2/vis_ws/OhioLMI/temp/OhioLMIKRA/build/luatabrcandroid/minification/require
[2023-01-24 11:37:31.195] [INFO] ci - zip_individual_files:
[2023-01-24 11:37:31.195] [INFO] ci - [move] Moving 1 file to /Users/Shared/Appfactory/Jenkins/buildslave/workspace/OhioLMI/Iris/Builds/Channels/buildAndroid@2/vis_ws/OhioLMI/temp/OhioLMIKRA/build/luatabrcandroid/minification/require/com/ohio/lmi/Head
     [move] Moving 1 file to /Users/Shared/Appfactory/Jenkins/buildslave/workspace/OhioLMI/Iris/Builds/Channels/buildAndroid@2/vis_ws/OhioLMI/temp/OhioLMIKRA/build/luatabrcandroid/minification/require
[2023-01-24 11:37:31.196] [INFO] ci - [move] Moving 1 file to /Users/Shared/Appfactory/Jenkins/buildslave/workspace/OhioLMI/Iris/Builds/Channels/buildAndroid@2/vis_ws/OhioLMI/temp/OhioLMIKRA/build/luatabrcandroid/minification/require
[2023-01-24 11:37:31.197] [INFO] ci - [zip] Building zip: /Users/Shared/Appfactory/Jenkins/buildslave/workspace/OhioLMI/Iris/Builds/Channels/buildAndroid@2/vis_ws/OhioLMI/temp/OhioLMIKRA/build/luatabrcandroid/minification/require/frmUnemploymentController.js.zip
[2023-01-24 11:37:31.198] [INFO] ci - [zip] Building zip: /Users/Shared/Appfactory/Jenkins/buildslave/workspace/OhioLMI/Iris/Builds/Channels/buildAndroid@2/vis_ws/OhioLMI/temp/OhioLMIKRA/build/luatabrcandroid/minification/require/com/ohio/lmi/foot/Foot/FootController.js.zip

zip_individual_files:
[2023-01-24 11:37:31.199] [INFO] ci - [zip] Building zip: /Users/Shared/Appfactory/Jenkins/buildslave/workspace/OhioLMI/Iris/Builds/Channels/buildAndroid@2/vis_ws/OhioLMI/temp/OhioLMIKRA/build/luatabrcandroid/minification/require/FBox0d2b4dfcdbd5e48.js.zip
     [move] Moving 1 file to /Users/Shared/Appfactory/Jenkins/buildslave/workspace/OhioLMI/Iris/Builds/Channels/buildAndroid@2/vis_ws/OhioLMI/temp/OhioLMIKRA/build/luatabrcandroid/minification/require
[2023-01-24 11:37:31.200] [INFO] ci - [move] Moving 1 file to /Users/Shared/Appfactory/Jenkins/buildslave/workspace/OhioLMI/Iris/Builds/Channels/buildAndroid@2/vis_ws/OhioLMI/temp/OhioLMIKRA/build/luatabrcandroid/minification/require/com/ohio/lmi/foot/Foot
[2023-01-24 11:37:31.201] [INFO] ci - [move] Moving 1 file to /Users/Shared/Appfactory/Jenkins/buildslave/workspace/OhioLMI/Iris/Builds/Channels/buildAndroid@2/vis_ws/OhioLMI/temp/OhioLMIKRA/build/luatabrcandroid/minification/require
[2023-01-24 11:37:31.201] [INFO] ci - [zip] Building zip: /Users/Shared/Appfactory/Jenkins/buildslave/workspace/OhioLMI/Iris/Builds/Channels/buildAndroid@2/vis_ws/OhioLMI/temp/OhioLMIKRA/build/luatabrcandroid/minification/require/frmMain.js.zip
     [move] Moving 1 file to /Users/Shared/Appfactory/Jenkins/buildslave/workspace/OhioLMI/Iris/Builds/Channels/buildAndroid@2/vis_ws/OhioLMI/temp/OhioLMIKRA/build/luatabrcandroid/minification/require
[2023-01-24 11:37:31.203] [INFO] ci - [move] Moving 1 file to /Users/Shared/Appfactory/Jenkins/buildslave/workspace/OhioLMI/Iris/Builds/Channels/buildAndroid@2/vis_ws/OhioLMI/temp/OhioLMIKRA/build/luatabrcandroid/minification/require
[2023-01-24 11:37:31.207] [INFO] ci - zip_individual_files:
      [zip] Building zip: /Users/Shared/Appfactory/Jenkins/buildslave/workspace/OhioLMI/Iris/Builds/Channels/buildAndroid@2/vis_ws/OhioLMI/temp/OhioLMIKRA/build/luatabrcandroid/minification/require/frmIndustryController.js.zip
[2023-01-24 11:37:31.209] [INFO] ci - [move] Moving 1 file to /Users/Shared/Appfactory/Jenkins/buildslave/workspace/OhioLMI/Iris/Builds/Channels/buildAndroid@2/vis_ws/OhioLMI/temp/OhioLMIKRA/build/luatabrcandroid/minification/require
[2023-01-24 11:37:31.211] [INFO] ci - zip_individual_files:
[2023-01-24 11:37:31.213] [INFO] ci - [zip] Building zip: /Users/Shared/Appfactory/Jenkins/buildslave/workspace/OhioLMI/Iris/Builds/Channels/buildAndroid@2/vis_ws/OhioLMI/temp/OhioLMIKRA/build/luatabrcandroid/minification/require/flexSegment.js.zip
[2023-01-24 11:37:31.215] [INFO] ci - [move] Moving 1 file to /Users/Shared/Appfactory/Jenkins/buildslave/workspace/OhioLMI/Iris/Builds/Channels/buildAndroid@2/vis_ws/OhioLMI/temp/OhioLMIKRA/build/luatabrcandroid/minification/require
[2023-01-24 11:37:31.218] [INFO] ci - zip_individual_files:
[2023-01-24 11:37:31.220] [INFO] ci - [zip] Building zip: /Users/Shared/Appfactory/Jenkins/buildslave/workspace/OhioLMI/Iris/Builds/Channels/buildAndroid@2/vis_ws/OhioLMI/temp/OhioLMIKRA/build/luatabrcandroid/minification/require/flxSectionHeaderTemplate.js.zip
[2023-01-24 11:37:31.222] [INFO] ci - [move] Moving 1 file to /Users/Shared/Appfactory/Jenkins/buildslave/workspace/OhioLMI/Iris/Builds/Channels/buildAndroid@2/vis_ws/OhioLMI/temp/OhioLMIKRA/build/luatabrcandroid/minification/require
[2023-01-24 11:37:31.224] [INFO] ci - [mkdir] Created dir: /Users/Shared/Appfactory/Jenkins/buildslave/workspace/OhioLMI/Iris/Builds/Channels/buildAndroid@2/vis_ws/OhioLMI/temp/OhioLMIKRA/build/luatabrcandroid/dist/OhioLMI/assets/js
[2023-01-24 11:37:31.259] [INFO] ci - copy-webassets:
[2023-01-24 11:37:31.259] [INFO] ci - [echo] Copying the web assets from /Users/Shared/Appfactory/Jenkins/buildslave/workspace/OhioLMI/Iris/Builds/Channels/buildAndroid@2/vis_ws/OhioLMI/OhioLMIKRA
[2023-01-24 11:37:31.259] [INFO] ci - [mkdir] Created dir: /Users/Shared/Appfactory/Jenkins/buildslave/workspace/OhioLMI/Iris/Builds/Channels/buildAndroid@2/vis_ws/OhioLMI/temp/OhioLMIKRA/build/luatabrcandroid/dist/OhioLMI/assets/web
[2023-01-24 11:37:31.320] [INFO] ci - gen-ffi-loading:
[2023-01-24 11:37:31.352] [INFO] ci - zip-common-jslibs:
[2023-01-24 11:37:31.354] [INFO] ci - [zip] Building zip: /Users/Shared/Appfactory/Jenkins/buildslave/workspace/OhioLMI/Iris/Builds/Channels/buildAndroid@2/vis_ws/OhioLMI/temp/OhioLMIKRA/build/luatabrcandroid/dist/OhioLMI/assets/js/common-jslibs.kfm
[2023-01-24 11:37:31.402] [INFO] ci - [zip] Updating zip: /Users/Shared/Appfactory/Jenkins/buildslave/workspace/OhioLMI/Iris/Builds/Channels/buildAndroid@2/vis_ws/OhioLMI/temp/OhioLMIKRA/build/luatabrcandroid/dist/OhioLMI/assets/js/common-jslibs.kfm
[2023-01-24 11:37:31.465] [INFO] ci - zip-paas-jslib:
[2023-01-24 11:37:31.466] [INFO] ci - [zip] Building zip: /Users/Shared/Appfactory/Jenkins/buildslave/workspace/OhioLMI/Iris/Builds/Channels/buildAndroid@2/vis_ws/OhioLMI/temp/OhioLMIKRA/build/luatabrcandroid/dist/OhioLMI/assets/js/paas.kfm
[2023-01-24 11:37:31.508] [INFO] ci - zip-workerthreads:
[2023-01-24 11:37:31.541] [INFO] ci - gen-zip-files:
[2023-01-24 11:37:31.564] [INFO] ci - gen-js-zip-files:
[2023-01-24 11:37:31.565] [INFO] ci - [zip] Building zip: /Users/Shared/Appfactory/Jenkins/buildslave/workspace/OhioLMI/Iris/Builds/Channels/buildAndroid@2/vis_ws/OhioLMI/temp/OhioLMIKRA/build/luatabrcandroid/dist/OhioLMI/assets/js/startup.js
[2023-01-24 11:37:31.580] [INFO] ci - [zip] Updating zip: /Users/Shared/Appfactory/Jenkins/buildslave/workspace/OhioLMI/Iris/Builds/Channels/buildAndroid@2/vis_ws/OhioLMI/temp/OhioLMIKRA/build/luatabrcandroid/dist/OhioLMI/assets/js/startup.js
[2023-01-24 11:37:31.651] [INFO] ci - [copy] Copying 46 files to /Users/Shared/Appfactory/Jenkins/buildslave/workspace/OhioLMI/Iris/Builds/Channels/buildAndroid@2/vis_ws/OhioLMI/temp/OhioLMIKRA/build/luatabrcandroid/dist/OhioLMI/assets/js/require
[2023-01-24 11:37:31.775] [INFO] ci - encrypt-zip-files:
[2023-01-24 11:37:31.779] [INFO] ci - [touch] Creating /Users/Shared/Appfactory/Jenkins/buildslave/workspace/OhioLMI/Iris/Builds/Channels/buildAndroid@2/vis_ws/OhioLMI/temp/OhioLMIKRA/build/luatabrcandroid/dist/OhioLMI/assets/js/requirefileslist.txt
[2023-01-24 11:37:32.308] [INFO] ci - [exec] Execution time = 0.000000
[2023-01-24 11:37:32.309] [INFO] ci - 
[2023-01-24 11:37:32.310] [INFO] ci - [delete] Deleting: /Users/Shared/Appfactory/Jenkins/buildslave/workspace/OhioLMI/Iris/Builds/Channels/buildAndroid@2/vis_ws/OhioLMI/temp/OhioLMIKRA/build/luatabrcandroid/dist/OhioLMI/assets/js/requirefileslist.txt
[2023-01-24 11:37:32.314] [INFO] ci - [mkdir] Created dir: /Users/Shared/Appfactory/Jenkins/buildslave/workspace/OhioLMI/Iris/Builds/Channels/buildAndroid@2/vis_ws/OhioLMI/temp/OhioLMIKRA/build/luatabrcandroid/dist/OhioLMI/assets/fonts
[2023-01-24 11:37:32.320] [INFO] ci - [copy] Copying 3 files to /Users/Shared/Appfactory/Jenkins/buildslave/workspace/OhioLMI/Iris/Builds/Channels/buildAndroid@2/vis_ws/OhioLMI/temp/OhioLMIKRA/build/luatabrcandroid/dist/OhioLMI/assets/fonts
[2023-01-24 11:37:32.326] [INFO] ci - [echo] Copying theme files
[2023-01-24 11:37:32.327] [INFO] ci - [copy] Copying 1 file to /Users/Shared/Appfactory/Jenkins/buildslave/workspace/OhioLMI/Iris/Builds/Channels/buildAndroid@2/vis_ws/OhioLMI/temp/OhioLMIKRA/build/luatabrcandroid/dist/OhioLMI/assets
[2023-01-24 11:37:32.330] [INFO] ci - [echo] hybridmode..........native
[2023-01-24 11:37:32.349] [INFO] ci - copynativeresources:
     [echo] Copying the native resources to android assets
[2023-01-24 11:37:32.353] [INFO] ci - [copy] Copying 68 files to /Users/Shared/Appfactory/Jenkins/buildslave/workspace/OhioLMI/Iris/Builds/Channels/buildAndroid@2/vis_ws/OhioLMI/temp/OhioLMIKRA/build/luatabrcandroid/dist/OhioLMI/res/drawable
[2023-01-24 11:37:32.451] [INFO] ci - [copy] Warning: /Users/Shared/Appfactory/Jenkins/buildslave/workspace/OhioLMI/Iris/Builds/Channels/buildAndroid@2/vis_ws/OhioLMI/OhioLMIKRA/resources/common/videos does not exist.
[2023-01-24 11:37:32.453] [INFO] ci - [copy] Copying 4 files to /Users/Shared/Appfactory/Jenkins/buildslave/workspace/OhioLMI/Iris/Builds/Channels/buildAndroid@2/vis_ws/OhioLMI/temp/OhioLMIKRA/build/luatabrcandroid/dist/OhioLMI/res/drawable
[2023-01-24 11:37:32.468] [INFO] ci - [copy] Copying 1 file to /Users/Shared/Appfactory/Jenkins/buildslave/workspace/OhioLMI/Iris/Builds/Channels/buildAndroid@2/vis_ws/OhioLMI/temp/OhioLMIKRA/build/luatabrcandroid/dist/OhioLMI/res
[2023-01-24 11:37:32.469] [INFO] ci - [copy] Copied 2 empty directories to 1 empty directory under /Users/Shared/Appfactory/Jenkins/buildslave/workspace/OhioLMI/Iris/Builds/Channels/buildAndroid@2/vis_ws/OhioLMI/temp/OhioLMIKRA/build/luatabrcandroid/dist/OhioLMI/res
[2023-01-24 11:37:32.636] [INFO] ci - [java] XMLMerging Started sourceFolderPath = /Users/Shared/Appfactory/Jenkins/buildslave/workspace/OhioLMI/Iris/Builds/Channels/buildAndroid@2/vis_ws/OhioLMI/OhioLMIKRA/resources/tablet/native/androidtab destFolderPath = /Users/Shared/Appfactory/Jenkins/buildslave/workspace/OhioLMI/Iris/Builds/Channels/buildAndroid@2/vis_ws/OhioLMI/temp/OhioLMIKRA/build/luatabrcandroid/dist/OhioLMI/resNo of Files to merge = 4
     [java] XMLMerging Completed
[2023-01-24 11:37:32.640] [INFO] ci - [copy] Copied 1 empty directory to 1 empty directory under /Users/Shared/Appfactory/Jenkins/buildslave/workspace/OhioLMI/Iris/Builds/Channels/buildAndroid@2/vis_ws/OhioLMI/temp/OhioLMIKRA/build/luatabrcandroid/dist/OhioLMI/res
[2023-01-24 11:37:32.655] [INFO] ci - copyninepatchimages:
[2023-01-24 11:37:32.655] [INFO] ci - [echo] Copying the nine patch images and delete the actual png image in android drawable folder
[2023-01-24 11:37:32.667] [INFO] ci - check-for-actual-png-file:
[2023-01-24 11:37:32.678] [INFO] ci - check-for-actual-png-file:
[2023-01-24 11:37:32.679] [INFO] ci - [echo] Copying icon file lmi_1024.png
[2023-01-24 11:37:32.690] [INFO] ci - renamelaunchericon:
[2023-01-24 11:37:32.690] [INFO] ci - 
[2023-01-24 11:37:32.693] [INFO] ci - [copy] Copying 1 file to /Users/Shared/Appfactory/Jenkins/buildslave/workspace/OhioLMI/Iris/Builds/Channels/buildAndroid@2/vis_ws/OhioLMI/temp/OhioLMIKRA/build/luatabrcandroid/dist/OhioLMI/res/drawable
[2023-01-24 11:37:32.693] [INFO] ci - 
[2023-01-24 11:37:32.695] [INFO] ci - [echo] Copying third party libraries
[2023-01-24 11:37:32.695] [INFO] ci - [copy] Copying 7 files to /Users/Shared/Appfactory/Jenkins/buildslave/workspace/OhioLMI/Iris/Builds/Channels/buildAndroid@2/vis_ws/OhioLMI/temp/OhioLMIKRA/build/luatabrcandroid/dist/OhioLMI/libs
[2023-01-24 11:37:32.700] [INFO] ci - [echo] Copying ffi templates to src folder
[2023-01-24 11:37:32.701] [INFO] ci - [copy] Copying 2 files to /Users/Shared/Appfactory/Jenkins/buildslave/workspace/OhioLMI/Iris/Builds/Channels/buildAndroid@2/vis_ws/OhioLMI/temp/OhioLMIKRA/build/luatabrcandroid/dist/OhioLMI/src
[2023-01-24 11:37:32.704] [INFO] ci - [echo] No custom widget libraries found
[2023-01-24 11:37:32.704] [INFO] ci - [echo] thirdparty dir::::/Users/Shared/Appfactory/Jenkins/buildslave/workspace/OhioLMI/Iris/Builds/Channels/buildAndroid@2/vis_ws/OhioLMI/OhioLMIKRA/nativebindings/Android/4.0/Kony_FileStorage-Android-4.0.zip,/Users/Shared/Appfactory/Jenkins/buildslave/workspace/OhioLMI/Iris/Builds/Channels/buildAndroid@2/vis_ws/OhioLMI/OhioLMIKRA/nativebindings/Android/4.0/Kony_SDKCommons-Android-4.0.zip,/Users/Shared/Appfactory/Jenkins/buildslave/workspace/OhioLMI/Iris/Builds/Channels/buildAndroid@2/vis_ws/OhioLMI/OhioLMIKRA/nativebindings/Android/4.0/Kony_SyncV2-Android-4.0.zip
[2023-01-24 11:37:32.705] [INFO] ci - [echo] unziping zip file::::/Users/Shared/Appfactory/Jenkins/buildslave/workspace/OhioLMI/Iris/Builds/Channels/buildAndroid@2/vis_ws/OhioLMI/OhioLMIKRA/nativebindings/Android/4.0/Kony_FileStorage-Android-4.0.zip
[2023-01-24 11:37:32.706] [INFO] ci - [unzip] Expanding: /Users/Shared/Appfactory/Jenkins/buildslave/workspace/OhioLMI/Iris/Builds/Channels/buildAndroid@2/vis_ws/OhioLMI/OhioLMIKRA/nativebindings/Android/4.0/Kony_FileStorage-Android-4.0.zip into /Users/Shared/Appfactory/Jenkins/buildslave/workspace/OhioLMI/Iris/Builds/Channels/buildAndroid@2/vis_ws/OhioLMI/temp/OhioLMIKRA/build/luatabrcandroid/dist/OhioLMI/libs
[2023-01-24 11:37:32.714] [INFO] ci - [echo] unziping zip file::::/Users/Shared/Appfactory/Jenkins/buildslave/workspace/OhioLMI/Iris/Builds/Channels/buildAndroid@2/vis_ws/OhioLMI/OhioLMIKRA/nativebindings/Android/4.0/Kony_SDKCommons-Android-4.0.zip
[2023-01-24 11:37:32.715] [INFO] ci - [unzip] Expanding: /Users/Shared/Appfactory/Jenkins/buildslave/workspace/OhioLMI/Iris/Builds/Channels/buildAndroid@2/vis_ws/OhioLMI/OhioLMIKRA/nativebindings/Android/4.0/Kony_SDKCommons-Android-4.0.zip into /Users/Shared/Appfactory/Jenkins/buildslave/workspace/OhioLMI/Iris/Builds/Channels/buildAndroid@2/vis_ws/OhioLMI/temp/OhioLMIKRA/build/luatabrcandroid/dist/OhioLMI/libs
[2023-01-24 11:37:32.735] [INFO] ci - [echo] unziping zip file::::/Users/Shared/Appfactory/Jenkins/buildslave/workspace/OhioLMI/Iris/Builds/Channels/buildAndroid@2/vis_ws/OhioLMI/OhioLMIKRA/nativebindings/Android/4.0/Kony_SyncV2-Android-4.0.zip
[2023-01-24 11:37:32.737] [INFO] ci - [unzip] Expanding: /Users/Shared/Appfactory/Jenkins/buildslave/workspace/OhioLMI/Iris/Builds/Channels/buildAndroid@2/vis_ws/OhioLMI/OhioLMIKRA/nativebindings/Android/4.0/Kony_SyncV2-Android-4.0.zip into /Users/Shared/Appfactory/Jenkins/buildslave/workspace/OhioLMI/Iris/Builds/Channels/buildAndroid@2/vis_ws/OhioLMI/temp/OhioLMIKRA/build/luatabrcandroid/dist/OhioLMI/libs
[2023-01-24 11:37:32.750] [INFO] ci - precompile:
[2023-01-24 11:37:32.750] [INFO] ci - [echo] No precompile task present

CheckForLicenses:
[2023-01-24 11:37:32.754] [INFO] ci - init:
[2023-01-24 11:37:32.767] [INFO] ci - CreateLicenseIfNotExist:
[2023-01-24 11:37:32.771] [INFO] ci - checkForInputs:
[2023-01-24 11:37:32.772] [INFO] ci - [echo]  current directory /Users/Shared/Appfactory/Jenkins/buildslave/workspace/OhioLMI/Iris/Builds/Channels/buildAndroid@2/vis_ws/OhioLMI/bundles/com.pat.tabrcandroid/luatabrcandroid/extres
[2023-01-24 11:37:32.772] [INFO] ci - [echo] CreateLicenseIfNotExist called
[2023-01-24 11:37:32.773] [INFO] ci - [echo] license exists true
[2023-01-24 11:37:32.776] [INFO] ci - update_license_if_already_exist:
[2023-01-24 11:37:32.783] [INFO] ci - gradleTask:
[2023-01-24 11:37:32.783] [INFO] ci - configureReleaseSignInfo:
[2023-01-24 11:37:32.784] [INFO] ci - compile:
[2023-01-24 11:37:32.794] [INFO] ci - calculateChecksum:
[2023-01-24 11:37:32.803] [INFO] ci - Trying to override old definition of task escapejssource
[2023-01-24 11:37:32.825] [INFO] ci - encrypt-assets-hash-file:
[2023-01-24 11:37:33.471] [INFO] ci - [java]
[2023-01-24 11:37:33.473] [INFO] ci - [java] Total Time Taken: 497
[2023-01-24 11:37:33.498] [INFO] ci - encrypt-zip-files:
[2023-01-24 11:37:33.499] [INFO] ci - [touch] Creating /Users/Shared/Appfactory/Jenkins/buildslave/workspace/OhioLMI/Iris/Builds/Channels/buildAndroid@2/vis_ws/OhioLMI/temp/OhioLMIKRA/build/luatabrcandroid/dist/OhioLMI/assets/js/requirefileslist.txt
[2023-01-24 11:37:33.536] [INFO] ci - [exec] Execution time = 0.000000
[2023-01-24 11:37:33.538] [INFO] ci - [delete] Deleting: /Users/Shared/Appfactory/Jenkins/buildslave/workspace/OhioLMI/Iris/Builds/Channels/buildAndroid@2/vis_ws/OhioLMI/temp/OhioLMIKRA/build/luatabrcandroid/dist/OhioLMI/assets/js/requirefileslist.txt
[2023-01-24 11:37:33.539] [INFO] ci - [echo] Java Path used by Gradle: /Appfactory/Jenkins/tools/jdk1.8.0_151.jdk
[2023-01-24 11:37:33.540] [INFO] ci - [echo] Gradle Path :
[2023-01-24 11:37:33.540] [INFO] ci - [echo] Packaging the android OhioLMI application
[2023-01-24 11:37:33.540] [INFO] ci - [echo] app-build.dir is  /Users/Shared/Appfactory/Jenkins/buildslave/workspace/OhioLMI/Iris/Builds/Channels/buildAndroid@2/vis_ws/OhioLMI/temp/OhioLMIKRA/build/luatabrcandroid/dist/OhioLMI
[2023-01-24 11:37:33.541] [INFO] ci - [echo] isInternetConnectionAvailable ${isInternetConnectionAvailable}
[2023-01-24 11:37:33.541] [INFO] ci - [echo] plugin loc /Users/Shared/Appfactory/Jenkins/buildslave/workspace/OhioLMI/Iris/Builds/Channels/buildAndroid@2/vis_ws/OhioLMI/bundles/com.pat.tool.keditor
[2023-01-24 11:37:33.545] [INFO] ci - [exec-shell] cmdl.getCommandline(): [Ljava.lang.String;@2766ca9d
[exec-shell] 
[exec-shell] ***********/bin/sh
[exec-shell] 
[exec-shell] ***********/c
[exec-shell] 
[exec-shell] ***********chmod 774 "/Users/Shared/Appfactory/Jenkins/buildslave/workspace/OhioLMI/Iris/Builds/Channels/buildAndroid@2/vis_ws/OhioLMI/temp/OhioLMIKRA/build/luatabrcandroid/dist/OhioLMI/gradlew"
[exec-shell] 
[exec-shell] ***********/bin/sh
[exec-shell] 
[exec-shell] ***********/c
[exec-shell] 
[exec-shell] ***********-c
[2023-01-24 11:37:33.559] [INFO] ci - [echo] /Users/Shared/Appfactory/Jenkins/buildslave/workspace/OhioLMI/Iris/Builds/Channels/buildAndroid@2/vis_ws/OhioLMI/temp/OhioLMIKRA/build/luatabrcandroid/dist/OhioLMI/gradlew -version
[2023-01-24 11:37:33.560] [INFO] ci - [exec-shell] cmdl.getCommandline(): [Ljava.lang.String;@2e6a5539
[2023-01-24 11:37:33.560] [INFO] ci - [exec-shell] 
[exec-shell] ***********/bin/sh
[exec-shell] 
[exec-shell] ***********/c
[2023-01-24 11:37:33.560] [INFO] ci - [exec-shell] 
[exec-shell] ***********"/Users/Shared/Appfactory/Jenkins/buildslave/workspace/OhioLMI/Iris/Builds/Channels/buildAndroid@2/vis_ws/OhioLMI/temp/OhioLMIKRA/build/luatabrcandroid/dist/OhioLMI/gradlew" -version
[exec-shell]
[2023-01-24 11:37:33.560] [INFO] ci - [exec-shell] ***********/bin/sh
[exec-shell] 
[exec-shell] ***********/c
[2023-01-24 11:37:33.561] [INFO] ci - [exec-shell] 
[exec-shell] ***********-c
[2023-01-24 11:37:34.556] [INFO] ci - [exec-shell]
[2023-01-24 11:37:34.556] [INFO] ci - [exec-shell] ------------------------------------------------------------
[exec-shell] Gradle 6.5
[exec-shell] ------------------------------------------------------------
[exec-shell] 
[exec-shell] Build time:   2020-06-02 20:46:21 UTC
[exec-shell] Revision:     a27f41e4ae5e8a41ab9b19f8dd6d86d7b384dad4
[2023-01-24 11:37:34.557] [INFO] ci - [exec-shell] 
[exec-shell] Kotlin:       1.3.72
[exec-shell] Groovy:       2.5.11
[exec-shell] Ant:          Apache Ant(TM) version 1.10.7 compiled on September 1 2019
[exec-shell] JVM:          11.0.17 (Homebrew 11.0.17+0)
[exec-shell] OS:           Mac OS X 11.7 x86_64
[2023-01-24 11:37:34.557] [INFO] ci - [exec-shell]
[2023-01-24 11:37:34.558] [INFO] ci - [echo] isIncrementalBuild = false invoking clean build
[2023-01-24 11:37:34.561] [INFO] ci - [exec-shell] cmdl.getCommandline(): [Ljava.lang.String;@335b5620
[exec-shell]
[2023-01-24 11:37:34.561] [INFO] ci - [exec-shell] ***********/bin/sh
[exec-shell] 
[exec-shell] ***********/c
[exec-shell] 
[exec-shell] ***********"/Users/Shared/Appfactory/Jenkins/buildslave/workspace/OhioLMI/Iris/Builds/Channels/buildAndroid@2/vis_ws/OhioLMI/temp/OhioLMIKRA/build/luatabrcandroid/dist/OhioLMI/gradlew" clean -b "/Users/Shared/Appfactory/Jenkins/buildslave/workspace/OhioLMI/Iris/Builds/Channels/buildAndroid@2/vis_ws/OhioLMI/temp/OhioLMIKRA/build/luatabrcandroid/dist/OhioLMI/build.gradle"
[exec-shell] 
[exec-shell] ***********/bin/sh
[exec-shell] 
[exec-shell] ***********/c
[exec-shell]
[2023-01-24 11:37:34.561] [INFO] ci - [exec-shell] ***********-c
[2023-01-24 11:37:35.666] [INFO] ci - [exec-shell] To honour the JVM settings for this build a new JVM will be forked. Please consider using the daemon: https://docs.gradle.org/6.5/userguide/gradle_daemon.html.
[2023-01-24 11:37:37.129] [INFO] ci - [exec-shell] Daemon will be stopped at the end of the build stopping after processing
[2023-01-24 11:37:42.005] [INFO] ci - [exec-shell]
[2023-01-24 11:37:42.005] [INFO] ci - [exec-shell] > Configure project :
[exec-shell] WARNING: The option setting 'android.enableR8=false' is deprecated.
[exec-shell] It will be removed in version 5.0 of the Android Gradle plugin.
[exec-shell] You will no longer be able to disable R8
[2023-01-24 11:37:43.633] [INFO] ci - [exec-shell] WARNING: Configuration 'compile' is obsolete and has been replaced with 'implementation' and 'api'.
[exec-shell] It will be removed in version 5.0 of the Android Gradle plugin.
[2023-01-24 11:37:43.633] [INFO] ci - [exec-shell] For more information, see http://d.android.com/r/tools/update-dependency-configurations.html.
[2023-01-24 11:37:44.462] [INFO] ci - [exec-shell] debug=/Users/Shared/Appfactory/Jenkins/buildslave/workspace/OhioLMI/Iris/Builds/Channels/buildAndroid@2/vis_ws/OhioLMI/temp/OhioLMIKRA/build/luatabrcandroid/dist/OhioLMI/build/outputs/apk/debug/OhioLMI-debug.apk
[exec-shell] registerResGeneratingTask is deprecated, use registerGeneratedResFolders(FileCollection)
[exec-shell] release=/Users/Shared/Appfactory/Jenkins/buildslave/workspace/OhioLMI/Iris/Builds/Channels/buildAndroid@2/vis_ws/OhioLMI/temp/OhioLMIKRA/build/luatabrcandroid/dist/OhioLMI/build/outputs/apk/release/OhioLMI-release-unsigned.apk
[exec-shell] registerResGeneratingTask is deprecated, use registerGeneratedResFolders(FileCollection)
[2023-01-24 11:37:44.463] [INFO] ci - [exec-shell] 
[exec-shell] > Task :clean UP-TO-DATE
[2023-01-24 11:37:44.568] [INFO] ci - [exec-shell] 
[exec-shell] BUILD SUCCESSFUL in 9s
[exec-shell] 1 actionable task: 1 up-to-date
[2023-01-24 11:37:45.791] [INFO] ci - [exec-shell] cmdl.getCommandline(): [Ljava.lang.String;@3a4621bd
[2023-01-24 11:37:45.792] [INFO] ci - [exec-shell] 
[exec-shell] ***********/bin/sh
[exec-shell] 
[exec-shell] ***********/c
[exec-shell] 
[exec-shell] ***********"/Users/Shared/Appfactory/Jenkins/buildslave/workspace/OhioLMI/Iris/Builds/Channels/buildAndroid@2/vis_ws/OhioLMI/temp/OhioLMIKRA/build/luatabrcandroid/dist/OhioLMI/gradlew" assembleRelease -b "/Users/Shared/Appfactory/Jenkins/buildslave/workspace/OhioLMI/Iris/Builds/Channels/buildAndroid@2/vis_ws/OhioLMI/temp/OhioLMIKRA/build/luatabrcandroid/dist/OhioLMI/build.gradle"
[exec-shell] 
[exec-shell] ***********/bin/sh
[exec-shell] 
[exec-shell] ***********/c
[exec-shell] 
[exec-shell] ***********-c
[2023-01-24 11:37:46.833] [INFO] ci - [exec-shell] To honour the JVM settings for this build a new JVM will be forked. Please consider using the daemon: https://docs.gradle.org/6.5/userguide/gradle_daemon.html.
[2023-01-24 11:37:48.481] [INFO] ci - [exec-shell] Daemon will be stopped at the end of the build stopping after processing
[2023-01-24 11:37:52.754] [INFO] ci - [exec-shell]
[2023-01-24 11:37:52.754] [INFO] ci - [exec-shell] > Configure project :
[exec-shell] WARNING: The option setting 'android.enableR8=false' is deprecated.
[exec-shell] It will be removed in version 5.0 of the Android Gradle plugin.
[exec-shell] You will no longer be able to disable R8
[2023-01-24 11:37:54.544] [INFO] ci - [exec-shell] WARNING: Configuration 'compile' is obsolete and has been replaced with 'implementation' and 'api'.
[2023-01-24 11:37:54.544] [INFO] ci - [exec-shell] It will be removed in version 5.0 of the Android Gradle plugin.
[exec-shell] For more information, see http://d.android.com/r/tools/update-dependency-configurations.html.
[2023-01-24 11:37:55.367] [INFO] ci - [exec-shell] debug=/Users/Shared/Appfactory/Jenkins/buildslave/workspace/OhioLMI/Iris/Builds/Channels/buildAndroid@2/vis_ws/OhioLMI/temp/OhioLMIKRA/build/luatabrcandroid/dist/OhioLMI/build/outputs/apk/debug/OhioLMI-debug.apk
[exec-shell] registerResGeneratingTask is deprecated, use registerGeneratedResFolders(FileCollection)
[exec-shell] release=/Users/Shared/Appfactory/Jenkins/buildslave/workspace/OhioLMI/Iris/Builds/Channels/buildAndroid@2/vis_ws/OhioLMI/temp/OhioLMIKRA/build/luatabrcandroid/dist/OhioLMI/build/outputs/apk/release/OhioLMI-release-unsigned.apk
[exec-shell] registerResGeneratingTask is deprecated, use registerGeneratedResFolders(FileCollection)
[2023-01-24 11:37:59.493] [INFO] ci - [exec-shell]
[2023-01-24 11:37:59.494] [INFO] ci - [exec-shell] > Task :preBuild UP-TO-DATE
[exec-shell] > Task :preReleaseBuild UP-TO-DATE
[exec-shell] > Task :compileReleaseAidl NO-SOURCE
[exec-shell] > Task :generateReleaseBuildConfig
[2023-01-24 11:37:59.784] [INFO] ci - [exec-shell] > Task :compileReleaseRenderscript
[2023-01-24 11:37:59.883] [INFO] ci - [exec-shell] > Task :javaPreCompileRelease
[2023-01-24 11:38:00.129] [INFO] ci - [exec-shell] > Task :generateReleaseResValues
[2023-01-24 11:38:00.129] [INFO] ci - [exec-shell] > Task :generateReleaseResources
[exec-shell] 
[exec-shell] > Task :processReleaseGoogleServices
[exec-shell] Parsing json file: /Users/Shared/Appfactory/Jenkins/buildslave/workspace/OhioLMI/Iris/Builds/Channels/buildAndroid@2/vis_ws/OhioLMI/temp/OhioLMIKRA/build/luatabrcandroid/dist/OhioLMI/google-services.json
[exec-shell] 
[exec-shell] > Task :createReleaseCompatibleScreenManifests
[2023-01-24 11:38:01.951] [INFO] ci - [exec-shell] > Task :extractDeepLinksRelease
[2023-01-24 11:38:02.529] [INFO] ci - [exec-shell]
[2023-01-24 11:38:02.530] [INFO] ci - [exec-shell] > Task :processReleaseManifest
[exec-shell] /Users/Shared/Appfactory/Jenkins/buildslave/workspace/OhioLMI/Iris/Builds/Channels/buildAndroid@2/vis_ws/OhioLMI/temp/OhioLMIKRA/build/luatabrcandroid/dist/OhioLMI/AndroidManifest.xml:53:2-92 Warning:
[exec-shell] 	Element uses-permission#android.permission.ACCESS_NETWORK_STATE at AndroidManifest.xml:53:2-92 duplicated with element declared at AndroidManifest.xml:51:2-75
[exec-shell] /Users/Shared/Appfactory/Jenkins/buildslave/workspace/OhioLMI/Iris/Builds/Channels/buildAndroid@2/vis_ws/OhioLMI/temp/OhioLMIKRA/build/luatabrcandroid/dist/OhioLMI/AndroidManifest.xml:6:5-46:16 Warning:
[2023-01-24 11:38:02.530] [INFO] ci - [exec-shell] 	application@tools:supportsRtl was tagged at AndroidManifest.xml:6 to remove other declarations but no other declaration present
[2023-01-24 11:38:02.530] [INFO] ci - [exec-shell] /Users/Shared/Appfactory/Jenkins/buildslave/workspace/OhioLMI/Iris/Builds/Channels/buildAndroid@2/vis_ws/OhioLMI/temp/OhioLMIKRA/build/luatabrcandroid/dist/OhioLMI/AndroidManifest.xml:6:5-46:16 Warning:
[exec-shell] 	application@tools:icon was tagged at AndroidManifest.xml:6 to replace other declarations but no other declaration present
[exec-shell] 
[exec-shell] > Task :prepareLintJar
[2023-01-24 11:38:03.322] [INFO] ci - [exec-shell] > Task :checkReleaseDuplicateClasses
[2023-01-24 11:38:03.561] [INFO] ci - [exec-shell] > Task :mergeReleaseResources
[2023-01-24 11:38:04.872] [INFO] ci - [exec-shell] > Task :processReleaseResources
[2023-01-24 11:38:07.414] [INFO] ci - [exec-shell] Note: Some input files use or override a deprecated API.
[exec-shell] Note: Recompile with -Xlint:deprecation for details.
[2023-01-24 11:38:07.415] [INFO] ci - [exec-shell] Note: Some input files use unchecked or unsafe operations.
[exec-shell] Note: Recompile with -Xlint:unchecked for details.
[2023-01-24 11:38:07.481] [INFO] ci - [exec-shell]
[2023-01-24 11:38:07.482] [INFO] ci - [exec-shell] > Task :compileReleaseJavaWithJavac
[2023-01-24 11:38:07.823] [INFO] ci - [exec-shell]
[2023-01-24 11:38:07.824] [INFO] ci - [exec-shell] > Task :compileReleaseSources
[2023-01-24 11:38:15.624] [INFO] ci - [exec-shell] > Task :lintVitalRelease
[2023-01-24 11:38:17.516] [INFO] ci - [exec-shell] > Task :dexBuilderRelease
[2023-01-24 11:38:20.560] [INFO] ci - [exec-shell] > Task :mergeReleaseShaders
[2023-01-24 11:38:20.560] [INFO] ci - [exec-shell] > Task :compileReleaseShaders NO-SOURCE
[exec-shell] > Task :generateReleaseAssets UP-TO-DATE
[2023-01-24 11:38:21.427] [INFO] ci - [exec-shell] > Task :mergeReleaseAssets
[2023-01-24 11:38:24.296] [INFO] ci - [exec-shell] > Task :processReleaseJavaRes
[2023-01-24 11:38:27.534] [INFO] ci - [exec-shell] > Task :collectReleaseDependencies
[2023-01-24 11:38:28.359] [INFO] ci - [exec-shell] > Task :sdkReleaseDependencyData
[2023-01-24 11:38:28.360] [INFO] ci - 
[2023-01-24 11:38:29.658] [INFO] ci - [exec-shell] > Task :mergeReleaseJniLibFolders
[2023-01-24 11:38:29.869] [INFO] ci - [exec-shell] > Task :mergeReleaseJavaResource
[2023-01-24 11:38:31.292] [INFO] ci - [exec-shell] > Task :mergeReleaseNativeLibs
[2023-01-24 11:38:31.605] [INFO] ci - [exec-shell] 
[exec-shell] > Task :stripReleaseDebugSymbols
[exec-shell] WARNING: Compatible side by side NDK version was not found. Default is 21.0.6113669.
[exec-shell] Compatible side by side NDK version was not found. Default is 21.0.6113669.
[exec-shell] Unable to strip the following libraries, packaging them as they are: libc++_shared.so, libkonyjsvm.so, libvulkan_wrapper.so.
[2023-01-24 11:38:37.051] [INFO] ci - [exec-shell]
[2023-01-24 11:38:37.051] [INFO] ci - [exec-shell] > Task :desugarReleaseFileDependencies
[2023-01-24 11:38:40.172] [INFO] ci - [exec-shell] > Task :mergeExtDexRelease
[2023-01-24 11:38:43.262] [INFO] ci - [exec-shell] > Task :mergeDexRelease
[2023-01-24 11:38:53.281] [INFO] ci - [exec-shell] > Task :packageRelease
[exec-shell] > Task :assembleRelease
[2023-01-24 11:38:53.281] [INFO] ci - [exec-shell] 
[exec-shell] Deprecated Gradle features were used in this build, making it incompatible with Gradle 7.0.
[exec-shell] Use '--warning-mode all' to show the individual deprecation warnings.
[exec-shell] See https://docs.gradle.org/6.5/userguide/command_line_interface.html#sec:command_line_warnings
[exec-shell] 
[exec-shell] BUILD SUCCESSFUL in 1m 7s
[exec-shell] 28 actionable tasks: 28 executed
[2023-01-24 11:38:54.167] [INFO] ci - signApk:
[2023-01-24 11:38:54.167] [INFO] ci - [echo] Release apk signing started.
[2023-01-24 11:38:54.171] [INFO] ci - [copy] Copying 1 file to /Users/Shared/Appfactory/Jenkins/buildslave/workspace/OhioLMI/Iris/Builds/Channels/buildAndroid@2/vis_ws/OhioLMI/temp/OhioLMIKRA/build/luatabrcandroid/dist/OhioLMI/build/outputs/apk/debug
[2023-01-24 11:38:54.185] [INFO] ci - [echo] Invoking APKSigner.jar to sign apk
[2023-01-24 11:38:54.186] [INFO] ci - [exec-shell] cmdl.getCommandline(): [Ljava.lang.String;@1921ad94
[exec-shell]
[2023-01-24 11:38:54.186] [INFO] ci - [exec-shell] ***********/bin/sh
[exec-shell] 
[exec-shell] ***********/c
[exec-shell] 
[exec-shell] ***********chmod 774 "/Appfactory/Jenkins/tools/android-sdk/build-tools/29.0.2/apksigner"
[exec-shell] 
[exec-shell] ***********/bin/sh
[exec-shell]
[2023-01-24 11:38:54.186] [INFO] ci - [exec-shell] ***********/c
[exec-shell] 
[exec-shell] ***********-c
[2023-01-24 11:38:54.495] [INFO] ci - [java] Getting .andorid folder location
     [java] Checking key folder Path = /Users/buildslave/.android
     [java] Debug key exists at /Users/buildslave/.android/debug.keystore
     [java] Debug Key not expired
     [java] Signing the Apk=/Users/Shared/Appfactory/Jenkins/buildslave/workspace/OhioLMI/Iris/Builds/Channels/buildAndroid@2/vis_ws/OhioLMI/temp/OhioLMIKRA/build/luatabrcandroid/dist/OhioLMI/build/outputs/apk/debug/OhioLMI-debug.apk with debugkey=/Users/buildslave/.android/debug.keystore
[2023-01-24 11:38:54.611] [INFO] ci - [java] Running command =/Appfactory/Jenkins/tools/android-sdk/build-tools/29.0.2/apksigner sign --ks /Users/buildslave/.android/debug.keystore --ks-pass pass:android --key-pass pass:android --ks-key-alias androiddebugkey /Users/Shared/Appfactory/Jenkins/buildslave/workspace/OhioLMI/Iris/Builds/Channels/buildAndroid@2/vis_ws/OhioLMI/temp/OhioLMIKRA/build/luatabrcandroid/dist/OhioLMI/build/outputs/apk/debug/OhioLMI-debug.apk
[2023-01-24 11:38:56.519] [INFO] ci - [java]
[2023-01-24 11:38:56.520] [INFO] ci - [java] Process Exit status = 0
     [java] Signed the Apk=/Users/Shared/Appfactory/Jenkins/buildslave/workspace/OhioLMI/Iris/Builds/Channels/buildAndroid@2/vis_ws/OhioLMI/temp/OhioLMIKRA/build/luatabrcandroid/dist/OhioLMI/build/outputs/apk/debug/OhioLMI-debug.apk	using debugkey=/Users/buildslave/.android/debug.keystore
[2023-01-24 11:38:56.539] [INFO] ci - publish:
[2023-01-24 11:38:56.539] [INFO] ci - [echo] Preparing the package for publish
[2023-01-24 11:38:56.540] [INFO] ci - [copy] Copying 1 file to /Users/Shared/Appfactory/Jenkins/buildslave/workspace/OhioLMI/Iris/Builds/Channels/buildAndroid@2/vis_ws/OhioLMI/temp/OhioLMIKRA/build/luatabrcandroid/dist
[2023-01-24 11:38:56.553] [INFO] ci - postcompile:
[2023-01-24 11:38:56.553] [INFO] ci - [echo] No postcompile task present

all:
[2023-01-24 11:38:56.553] [INFO] ci - BUILD SUCCESSFUL
Total time: 1 minute 27 seconds
[2023-01-24 11:38:56.619] [INFO] ci - Platform:androidtablet , build status : COMPLETED
[2023-01-24 11:38:56.641] [INFO] ci - Binary successfully copied to /Users/Shared/Appfactory/Jenkins/buildslave/workspace/OhioLMI/Iris/Builds/Channels/buildAndroid@2/vis_ws/OhioLMI/OhioLMIKRA/binaries/androidtablet/OhioLMIKRA-release.apk
[2023-01-24 11:38:56.642] [INFO] ci - Done!
[2023-01-24 11:38:56.643] [INFO] ci - 

----------------------------------------------------------------
BUILD SUMMARY
----------------------------------------------------------------
androidtablet ............... COMPLETED [88.074 s]
Fabric App .................. Published
Total time .................. 00:01:43.440
Finished at ................. "2023-01-24T16:38:56.642Z"
Dist ........................ /Users/Shared/Appfactory/Jenkins/buildslave/workspace/OhioLMI/Iris/Builds/Channels/buildAndroid@2/vis_ws/OhioLMI/OhioLMIKRA/binaries
Build summary file .......... /Users/Shared/Appfactory/Jenkins/buildslave/workspace/OhioLMI/Iris/Builds/Channels/buildAndroid@2/vis_ws/OhioLMI/OhioLMIKRA/.cilogs/BuildResult.json
----------------------------------------------------------------
